AmigaRobots V1.1.32ß von Hanno Behrens © 04-Aug-93
Arena: leer.rna
Roboteranzahl: 6
Runden Stop Munition Aufladen Schnell Vorpositionen
     0   an   1000        40    aus    aus
 ID  Panzerung  Züge Treffer  Munition Name
  1+  174/ 200   279      5   894/ 900 Jaeger.rob
  2+  146/ 150   279      6   894/ 900 Hinzi&Berger_1.rob
  3+  195/ 200   279      6   894/ 900 DickeBerta.rob
  4+   72/ 100   279      3   896/ 900 demo.rob
  5+  150/ 150   279      0V  894/ 900 Berger_3
  6+  100/ 100   279      0V  995/1000 simple.rob
AmigaRobots V1.1.32ß von Hanno Behrens © 04-Aug-93
Arena: leer.rna
Roboteranzahl: 5
Runden Stop Munition Aufladen Schnell Vorpositionen
     0   an   1000        40    aus    aus
 ID  Panzerung  Züge Treffer  Munition Name
  2+  136/ 150   511      6   890/ 900 Hinzi&Berger_1.rob
  3+  200/ 200   511      6   890/ 900 DickeBerta.rob
  4+   16/ 100   511      3   893/ 900 demo.rob
  5+  150/ 150   511      0V  890/ 900 Berger_3
  6+   96/ 100   511      4   990/1000 simple.rob
AmigaRobots V1.1.32ß von Hanno Behrens © 04-Aug-93
Arena: leer.rna
Roboteranzahl: 6
Runden Stop Munition Aufladen Schnell Vorpositionen
     0   an   1000        40    aus    aus
 ID  Panzerung  Züge Treffer  Munition Name
  1+  100/ 100    57      0V  900/ 900 Thomas_v01.rob
  2+  200/ 200    57      0V  899/ 900 Blinker.rob
  3+  200/ 200    57      0V  899/ 900 DickeBerta.rob
  4+  150/ 150    57      0V  899/ 900 Hinzi&Berger_1.rob
  5+  150/ 150    57      0V  899/ 900 Berger_3
  6+  100/ 100    57      0V  999/1000 simple.rob
AmigaRobots V1.1.32ß von Hanno Behrens © 04-Aug-93
Arena: leer.rna
Roboteranzahl: 3
Runden Stop Munition Aufladen Schnell Vorpositionen
     0   an   1000        40    aus    aus
 ID  Panzerung  Züge Treffer  Munition Name
  1+  198/ 200  2811      2   844/ 900 DickeBerta.rob
  2+   50/ 100  2811      3   867/ 900 demo.rob
  3+   20/ 100  2811      2   896/ 900 Thomas_v01.rob
AmigaRobots V1.1.32ß von Hanno Behrens © 04-Aug-93
Arena: leer.rna
Roboteranzahl: 4
Runden Stop Munition Aufladen Schnell Vorpositionen
     0   an   1000        40    aus    aus
 ID  Panzerung  Züge Treffer  Munition Name
  1+  150/ 150 16053      0V  585/ 900 Berger_3
  2-    0/ 100  3702      4   836/ 900 demo.rob
  3-    0/ 100  2362      4   957/1000 simple.rob
  4+  108/ 200 16053      2P  717/ 900 Thomas_09.rob
AmigaRobots V1.1.32ß von Hanno Behrens © 04-Aug-93
Arena: leer.rna
Roboteranzahl: 13
Runden Stop Munition Aufladen Schnell Vorpositionen
     0   an   1000        40    aus    aus
 ID  Panzerung  Züge Treffer  Munition Name
  1+   58/ 200  3345     12   845/ 900 Thomas
  2-    0/ 150  1675     10   868/ 900 Hinzi&Berger_1.rob
  3-    0/ 150   860      5   883/ 900 Hinzi&Berger_1.rob
  4-    0/ 150  1472      1   871/ 900 Berger_3
  5+   36/ 150  3345     12   834/ 900 Berger_3
  6-    0/ 100  2518     12   856/ 900 demo.rob
  7-    0/ 100  1181      2   880/ 900 demo.rob
  8-    0/ 100  1439      6   972/1000 simple.rob
  9-    0/ 100   333     10   993/1000 simple.rob
 10+  200/ 200  3345     13   833/ 900 DickeBerta.rob
 11+  197/ 200  3345     13   833/ 900 DickeBerta.rob
 12+  186/ 200  3345     10   850/ 900 Blinker.rob
 13+  130/ 200  3345      1   847/ 900 Blinker.rob
AmigaRobots V1.1.32ß von Hanno Behrens © 04-Aug-93
Arena: leer.rna
Roboteranzahl: 2
Runden Stop Munition Aufladen Schnell Vorpositionen
     0   an   1000        40    aus    aus
 ID  Panzerung  Züge Treffer  Munition Name
  1+  196/ 200   960      2   894/ 900 Thomas
  2+  196/ 200   960      1   893/ 900 Thomas
AmigaRobots V1.1.32ß von Hanno Behrens © 04-Aug-93
Arena: leer.rna
Roboteranzahl: 4
Runden Stop Munition Aufladen Schnell Vorpositionen
     0   an   1000        40    aus    aus
 ID  Panzerung  Züge Treffer  Munition Name
  1+  190/ 200  1817      4P  871/ 900 Thomas
  2+  192/ 200  1817      4   867/ 900 Thomas
  3+  108/ 150  1817      1   864/ 900 Berger_3
  4-    0/ 150  1610      1   871/ 900 Hinzi&Berger_1.rob
AmigaRobots V1.1.32ß von Hanno Behrens © 04-Aug-93
Arena: leer.rna
Roboteranzahl: 3
Runden Stop Munition Aufladen Schnell Vorpositionen
     0   an   1000        40    aus    aus
 ID  Panzerung  Züge Treffer  Munition Name
  1-    0/ 200  4799      2   867/ 900 Thomas
  2+  198/ 200  5123      3   826/ 900 DickeBerta.rob
  3+  121/ 200  5123      1P  860/ 900 Blinker.rob
AmigaRobots V1.1.32ß von Hanno Behrens © 04-Aug-93
Arena: leer.rna
Roboteranzahl: 1
Runden Stop Munition Aufladen Schnell Vorpositionen
     0  aus   1000        40    aus    aus
 ID  Panzerung  Züge Treffer  Munition Name
  1+  200/ 200  2282      0V  900/ 900 Thomas
AmigaRobots V1.1.32ß von Hanno Behrens © 04-Aug-93
Arena: leer.rna
Roboteranzahl: 8
Runden Stop Munition Aufladen Schnell Vorpositionen
     0   an   1000        40    aus    aus
 ID  Panzerung  Züge Treffer  Munition Name
  1-    0/ 200 12557      5   829/ 900 Thomas
  2-    0/ 150   288      4   894/ 900 Hinzi&Berger_1.rob
  3-    0/ 150  1203      4   876/ 900 Berger_3
  4-    0/ 200  1367      8   872/ 900 Jaeger.rob
  5+  200/ 200 18213      1P  646/ 900 DickeBerta.rob
  6-    0/ 100   410      5   992/1000 simple.rob
  7-    0/ 200  3195      5   854/ 900 Blinker.rob
  8-    0/ 100  2405      7   864/ 900 demo.rob
AmigaRobots V1.1.32ß von Hanno Behrens © 04-Aug-93
Arena: leer.rna
Roboteranzahl: 10
Runden Stop Munition Aufladen Schnell Vorpositionen
     0   an   1000        40    aus    aus
 ID  Panzerung  Züge Treffer  Munition Name
  1-    0/ 200  4606      5   809/ 900 Thomas
  2-    0/ 150  1343      4   874/ 900 Hinzi&Berger_1.rob
  3-    0/ 150  2907      4   843/ 900 Berger_3
  4-    0/ 100  5311      5   805/ 900 demo.rob
  5+  178/ 200  5335      4   793/ 900 DickeBerta.rob
  6-    0/ 100   265     10  1000/1000 nop.rob
  7-    0/ 100  1749      5   967/1000 simple.rob
  8-    0/  50   861      2  1000/1000 runner.rob
  9+   62/ 100  5335      4  1000/1000 explorer.rob
 10-    0/ 200  1158      3   878/ 900 Blinker.rob
AmigaRobots V1.1.32ß von Hanno Behrens © 04-Aug-93
Arena: leer.rna
Roboteranzahl: 11
Runden Stop Munition Aufladen Schnell Vorpositionen
     0   an   1000        40    aus    aus
 ID  Panzerung  Züge Treffer  Munition Name
  1+   31/ 200   713      6   886/ 900 Blinker.rob
  2+   80/ 100   713      9  1000/1000 explorer.rob
  3+   50/  50   713      0V 1000/1000 runner.rob
  4+  100/ 100   713      0V  986/1000 simple.rob
  5+   92/ 100   713     11   888/ 900 demo.rob
  6+  200/ 200   713      0V  885/ 900 DickeBerta.rob
  7+   41/ 100   713      4  1000/1000 nop.rob
  8+  150/ 150   713      0V  886/ 900 Berger_3
  9+  112/ 150   713     10   886/ 900 Hinzi&Berger_1.rob
 10+  159/ 200   713      4   886/ 900 Thomas_09.rob
 11+   90/ 100   713      4   895/ 900 Thomas_v01.rob
AmigaRobots V1.1.32ß von Hanno Behrens © 04-Aug-93
Arena: leer.rna
Roboteranzahl: 11
Runden Stop Munition Aufladen Schnell Vorpositionen
     0   an   1000        40    aus    aus
 ID  Panzerung  Züge Treffer  Munition Name
  1+   32/ 200   718      6   886/ 900 Blinker.rob
  2+   80/ 100   718      9  1000/1000 explorer.rob
  3+   50/  50   718      0V 1000/1000 runner.rob
  4+  100/ 100   718      0V  986/1000 simple.rob
  5+   92/ 100   718     11   888/ 900 demo.rob
  6+  200/ 200   718      0V  885/ 900 DickeBerta.rob
  7+   41/ 100   718      4  1000/1000 nop.rob
  8+  150/ 150   718      0V  886/ 900 Berger_3
  9+  112/ 150   718     10   886/ 900 Hinzi&Berger_1.rob
 10+  159/ 200   718      4   886/ 900 Thomas_09.rob
 11+   90/ 100   718      4   895/ 900 Thomas_v01.rob
AmigaRobots V1.1.32ß von Hanno Behrens © 04-Aug-93
Arena: leer.rna
Roboteranzahl: 5
Runden Stop Munition Aufladen Schnell Vorpositionen
     0   an   1000        40    aus    aus
 ID  Panzerung  Züge Treffer  Munition Name
  1-    0/ 150  2498      5   854/ 900 Hinzi&Berger_1.rob
  2-    0/ 150  2758      3   846/ 900 Berger_3
  3+  200/ 200 10114      5   698/ 900 DickeBerta.rob
  4-    0/ 100  6397      5   894/ 900 Thomas_v01.rob
  5-    0/ 200 10113      3   751/ 900 Thomas
AmigaRobots V1.1.32ß von Hanno Behrens © 04-Aug-93
Arena: leer.rna
Roboteranzahl: 5
Runden Stop Munition Aufladen Schnell Vorpositionen
     0   an   1000        40    aus    aus
 ID  Panzerung  Züge Treffer  Munition Name
  1+   90/ 200  6159      5P  776/ 900 Thomas.rob
  2-    0/ 150   905      4   882/ 900 Hinzi&Berger_1.rob
  3-    0/ 150  6158      1   779/ 900 Berger_3
  4-    0/ 100   985      3   880/ 900 demO.rob
  5-    0/ 100  4755      3   915/1000 simple.rob
AmigaRobots V1.1.33ß von Hanno Behrens © 05-Aug-93
Arena: 
Roboteranzahl: 8
Runden Stop Munition Aufladen Schnell Vorpositionen
  5000   an   1000        40     an    aus
 ID  Panzerung  Züge Treffer  Munition Name
  1+  200/ 200  5000      7   800/ 900 dickeberta.rob
  2-    0/  50  2078      4  1000/1000 runner.rob
  3-    0/ 150   803      1   884/ 900 Berger_3
  4+   33/ 100  5000      7   827/ 900 demo.rob
  5-    0/ 100  1240      1   975/1000 simple.rob
  6-    0/ 200   836      3P  884/ 900 blinker.rob
  7-    0/ 200  4960      1   800/ 900 thomas.rob
  8-    0/ 100  3409      4  1000/1000 explorer.rob
AmigaRobots V1.1.33ß von Hanno Behrens © 05-Aug-93
Arena: 
Roboteranzahl: 8
Runden Stop Munition Aufladen Schnell Vorpositionen
  5000   an   1000        40     an    aus
 ID  Panzerung  Züge Treffer  Munition Name
  1+  200/ 200  5000      4P  800/ 900 dickeberta.rob
  2-    0/  50   562      4  1000/1000 runner.rob
  3+  125/ 150  5000      1   802/ 900 Berger_3
  4-    0/ 100  2495      1   856/ 900 demo.rob
  5+   76/ 100  5000      6   917/1000 simple.rob
  6-    0/ 200  3994      1   823/ 900 blinker.rob
  7-    0/ 200  1224      1   875/ 900 thomas.rob
  8-    0/ 100  4323      5  1000/1000 explorer.rob
AmigaRobots V1.1.33ß von Hanno Behrens © 05-Aug-93
Arena: 
Roboteranzahl: 8
Runden Stop Munition Aufladen Schnell Vorpositionen
  5000   an   1000        40     an    aus
 ID  Panzerung  Züge Treffer  Munition Name
  1+  200/ 200  5000      6   800/ 900 dickeberta.rob
  2-    0/  50  2773      4  1000/1000 runner.rob
  3-    0/ 150  3447      1   832/ 900 Berger_3
  4-    0/ 100  4798      1   833/ 900 demo.rob
  5-    0/ 100  1667      7   968/1000 simple.rob
  6-    0/ 200  1059      3   879/ 900 blinker.rob
  7+  136/ 200  5000      5P  800/ 900 thomas.rob
  8-    0/ 100  1816      7  1000/1000 explorer.rob
AmigaRobots V1.1.33ß von Hanno Behrens © 05-Aug-93
Arena: 
Roboteranzahl: 8
Runden Stop Munition Aufladen Schnell Vorpositionen
  5000   an   1000        40     an    aus
 ID  Panzerung  Züge Treffer  Munition Name
  1+  200/ 200  5000      7P  800/ 900 dickeberta.rob
  2-    0/  50   752      1  1000/1000 runner.rob
  3+   61/ 150  5000      1   802/ 900 Berger_3
  4-    0/ 100  1789      7   872/ 900 demo.rob
  5-    0/ 100  1239      1   976/1000 simple.rob
  6-    0/ 200  2972      1   851/ 900 blinker.rob
  7-    0/ 200  3632      1   827/ 900 thomas.rob
  8-    0/ 100   331      1  1000/1000 explorer.rob
AmigaRobots V1.1.33ß von Hanno Behrens © 05-Aug-93
Arena: 
Roboteranzahl: 8
Runden Stop Munition Aufladen Schnell Vorpositionen
  5000   an   1000        40     an    aus
 ID  Panzerung  Züge Treffer  Munition Name
  1+  200/ 200  5000      6   800/ 900 dickeberta.rob
  2-    0/  50  1356      1  1000/1000 runner.rob
  3-    0/ 150   736      1   885/ 900 Berger_3
  4-    0/ 100  3138      7P  848/ 900 demo.rob
  5-    0/ 100  1574      5   969/1000 simple.rob
  6+  132/ 200  5000      1   843/ 900 blinker.rob
  7-    0/ 200  3067      4   838/ 900 thomas.rob
  8-    0/ 100   993      5  1000/1000 explorer.rob
AmigaRobots V1.1.33ß von Hanno Behrens © 05-Aug-93
Arena: 
Roboteranzahl: 8
Runden Stop Munition Aufladen Schnell Vorpositionen
  5000   an   1000        40     an    aus
 ID  Panzerung  Züge Treffer  Munition Name
  1+  112/ 200  5000      6   802/ 900 dickeberta.rob
  2-    0/  50  1120      6  1000/1000 runner.rob
  3-    0/ 150   780      1   884/ 900 Berger_3
  4-    0/ 100  1599      1   873/ 900 demo.rob
  5-    0/ 100  2348      6   957/1000 simple.rob
  6+  168/ 200  5000      1   835/ 900 blinker.rob
  7-    0/ 200  3816      1   823/ 900 thomas.rob
  8-    0/ 100  1866      7  1000/1000 explorer.rob
AmigaRobots V1.1.33ß von Hanno Behrens © 05-Aug-93
Arena: 
Roboteranzahl: 8
Runden Stop Munition Aufladen Schnell Vorpositionen
  5000   an   1000        40     an    aus
 ID  Panzerung  Züge Treffer  Munition Name
  1+  200/ 200  5000      6   800/ 900 dickeberta.rob
  2-    0/  50  2662      4  1000/1000 runner.rob
  3-    0/ 150   808      1   884/ 900 Berger_3
  4-    0/ 100  3361      1   840/ 900 demo.rob
  5-    0/ 100  1409      1   974/1000 simple.rob
  6+  200/ 200  5000      1   825/ 900 blinker.rob
  7-    0/ 200  2462      1   850/ 900 thomas.rob
  8-    0/ 100  3865      1  1000/1000 explorer.rob
AmigaRobots V1.1.33ß von Hanno Behrens © 05-Aug-93
Arena: 
Roboteranzahl: 8
Runden Stop Munition Aufladen Schnell Vorpositionen
  5000   an   1000        40     an    aus
 ID  Panzerung  Züge Treffer  Munition Name
  1+  194/ 200  5000      6   800/ 900 dickeberta.rob
  2-    0/  50   761      1  1000/1000 runner.rob
  3-    0/ 150  1971      1   861/ 900 Berger_3
  4-    0/ 100  2135      7   866/ 900 demo.rob
  5-    0/ 100   333      1   993/1000 simple.rob
  6+  125/ 200  5000      7P  832/ 900 blinker.rob
  7-    0/ 200  4002      1   820/ 900 thomas.rob
  8-    0/ 100  1190      6  1000/1000 explorer.rob
AmigaRobots V1.1.33ß von Hanno Behrens © 05-Aug-93
Arena: 
Roboteranzahl: 8
Runden Stop Munition Aufladen Schnell Vorpositionen
  5000   an   1000        40     an    aus
 ID  Panzerung  Züge Treffer  Munition Name
  1-    0/ 200  1129      3   877/ 900 dickeberta.rob
  2-    0/  50   983      1  1000/1000 runner.rob
  3+   64/ 150  5000      6   802/ 900 Berger_3
  4-    0/ 100  3437      7   838/ 900 demo.rob
  5-    0/ 100   546      7   990/1000 simple.rob
  6+  200/ 200  5000      7   826/ 900 blinker.rob
  7-    0/ 200  3476      6   830/ 900 thomas.rob
  8-    0/ 100  2408      4  1000/1000 explorer.rob
AmigaRobots V1.1.33ß von Hanno Behrens © 05-Aug-93
Arena: 
Roboteranzahl: 8
Runden Stop Munition Aufladen Schnell Vorpositionen
  5000   an   1000        40     an    aus
 ID  Panzerung  Züge Treffer  Munition Name
  1+  200/ 200  5000      6   809/ 900 dickeberta.rob
  2-    0/  50  1730      1  1000/1000 runner.rob
  3-    0/ 150  3131      1   838/ 900 Berger_3
  4-    0/ 100   955      1   890/ 900 demo.rob
  5-    0/ 100  2267      7   955/1000 simple.rob
  6+  200/ 200  5000      1   845/ 900 blinker.rob
  7-    0/ 200  2563      6   848/ 900 thomas.rob
  8-    0/ 100   415      6  1000/1000 explorer.rob
AmigaRobots V1.1.33ß von Hanno Behrens © 05-Aug-93
Arena: 
Roboteranzahl: 8
Runden Stop Munition Aufladen Schnell Vorpositionen
  5000   an   1000        40     an    aus
 ID  Panzerung  Züge Treffer  Munition Name
  1-    0/ 200   704      3   886/ 900 dickeberta.rob
  2-    0/  50   567      5  1000/1000 runner.rob
  3+   89/ 150  5000      6   802/ 900 Berger_3
  4-    0/ 100  3659      6   835/ 900 demo.rob
  5+   80/ 100  5000      6   908/1000 simple.rob
  6+  151/ 200  5000      5   805/ 900 blinker.rob
  7+   30/ 200  5000      6   800/ 900 thomas.rob
  8-    0/ 100  2690      7  1000/1000 explorer.rob
AmigaRobots V1.1.33ß von Hanno Behrens © 05-Aug-93
Arena: 
Roboteranzahl: 8
Runden Stop Munition Aufladen Schnell Vorpositionen
  5000   an   1000        40     an    aus
 ID  Panzerung  Züge Treffer  Munition Name
  1+  144/ 200  5000      6   800/ 900 dickeberta.rob
  2-    0/  50  1097      6  1000/1000 runner.rob
  3-    0/ 150  3047      1   840/ 900 Berger_3
  4-    0/ 100  3426      6   849/ 900 demo.rob
  5-    0/ 100  2218      1   959/1000 simple.rob
  6+  199/ 200  5000      1   826/ 900 blinker.rob
  7-    0/ 200  4235      1   815/ 900 thomas.rob
  8-    0/ 100   814      5  1000/1000 explorer.rob
AmigaRobots V1.1.33ß von Hanno Behrens © 05-Aug-93
Arena: 
Roboteranzahl: 8
Runden Stop Munition Aufladen Schnell Vorpositionen
  5000   an   1000        40     an    aus
 ID  Panzerung  Züge Treffer  Munition Name
  1+  152/ 200  5000      4   800/ 900 dickeberta.rob
  2-    0/  50   648      5  1000/1000 runner.rob
  3+  133/ 150  5000      7P  802/ 900 Berger_3
  4-    0/ 100  4146      7   826/ 900 demo.rob
  5-    0/ 100  1084      1   979/1000 simple.rob
  6-    0/ 200  1856      3   868/ 900 blinker.rob
  7-    0/ 200  4357      1   812/ 900 thomas.rob
  8-    0/ 100   553      1  1000/1000 explorer.rob
AmigaRobots V1.1.33ß von Hanno Behrens © 05-Aug-93
Arena: 
Roboteranzahl: 8
Runden Stop Munition Aufladen Schnell Vorpositionen
  5000   an   1000        40     an    aus
 ID  Panzerung  Züge Treffer  Munition Name
  1+  192/ 200  5000      6   802/ 900 dickeberta.rob
  2-    0/  50   375      3  1000/1000 runner.rob
  3-    0/ 150  3371      6   834/ 900 Berger_3
  4-    0/ 100   598      1   892/ 900 demo.rob
  5-    0/ 100  1942      1   964/1000 simple.rob
  6+  200/ 200  5000      1   844/ 900 blinker.rob
  7-    0/ 200  1549      5   869/ 900 thomas.rob
  8-    0/ 100  2363      6  1000/1000 explorer.rob
AmigaRobots V1.1.33ß von Hanno Behrens © 05-Aug-93
Arena: 
Roboteranzahl: 8
Runden Stop Munition Aufladen Schnell Vorpositionen
  5000   an   1000        40     an    aus
 ID  Panzerung  Züge Treffer  Munition Name
  1+  200/ 200  5000      6   800/ 900 dickeberta.rob
  2-    0/  50  1499      4  1000/1000 runner.rob
  3-    0/ 150  2132      6   858/ 900 Berger_3
  4-    0/ 100  4377      6   837/ 900 demo.rob
  5-    0/ 100  3523      7   938/1000 simple.rob
  6+  200/ 200  5000      4P  819/ 900 blinker.rob
  7-    0/ 200  3549      1   829/ 900 thomas.rob
  8-    0/ 100   618      1  1000/1000 explorer.rob
AmigaRobots V1.1.33ß von Hanno Behrens © 05-Aug-93
Arena: 
Roboteranzahl: 8
Runden Stop Munition Aufladen Schnell Vorpositionen
  5000   an   1000        40     an    aus
 ID  Panzerung  Züge Treffer  Munition Name
  1-    0/ 200   633      3   887/ 900 dickeberta.rob
  2-    0/  50  2274      4  1000/1000 runner.rob
  3-    0/ 150  3079      3   839/ 900 Berger_3
  4-    0/ 100  4051      7   825/ 900 demo.rob
  5-    0/ 100  3732      6   928/1000 simple.rob
  6+  130/ 200  4135      7   821/ 900 blinker.rob
  7-    0/ 200  4134      6   817/ 900 thomas.rob
  8-    0/ 100  1949      5  1000/1000 explorer.rob
AmigaRobots V1.1.33ß von Hanno Behrens © 05-Aug-93
Arena: 
Roboteranzahl: 8
Runden Stop Munition Aufladen Schnell Vorpositionen
  5000   an   1000        40     an    aus
 ID  Panzerung  Züge Treffer  Munition Name
  1+  195/ 200  5000      6   800/ 900 dickeberta.rob
  2-    0/  50   233      3  1000/1000 runner.rob
  3+   97/ 150  5000      6   802/ 900 Berger_3
  4-    0/ 100  2643      1   860/ 900 demo.rob
  5-    0/ 100  1724      1   969/1000 simple.rob
  6+  200/ 200  5000      4   831/ 900 blinker.rob
  7-    0/ 200  1189      1   876/ 900 thomas.rob
  8-    0/ 100   394      1  1000/1000 explorer.rob
AmigaRobots V1.1.33ß von Hanno Behrens © 05-Aug-93
Arena: 
Roboteranzahl: 8
Runden Stop Munition Aufladen Schnell Vorpositionen
  5000   an   1000        40     an    aus
 ID  Panzerung  Züge Treffer  Munition Name
  1+  200/ 200  5000      6   800/ 900 dickeberta.rob
  2-    0/  50  1220      6  1000/1000 runner.rob
  3-    0/ 150  3438      6   832/ 900 Berger_3
  4-    0/ 100  1188      1   879/ 900 demo.rob
  5-    0/ 100  2844      6   950/1000 simple.rob
  6+  200/ 200  5000      1   838/ 900 blinker.rob
  7-    0/ 200  2243      1   855/ 900 thomas.rob
  8-    0/ 100   767      1  1000/1000 explorer.rob
AmigaRobots V1.1.33ß von Hanno Behrens © 05-Aug-93
Arena: 
Roboteranzahl: 8
Runden Stop Munition Aufladen Schnell Vorpositionen
  5000   an   1000        40     an    aus
 ID  Panzerung  Züge Treffer  Munition Name
  1+  200/ 200  5000      7   800/ 900 dickeberta.rob
  2-    0/  50  2197      6  1000/1000 runner.rob
  3-    0/ 150  2286      1   855/ 900 Berger_3
  4-    0/ 100   957      3   887/ 900 demo.rob
  5-    0/ 100  1213      1   977/1000 simple.rob
  6+  155/ 200  5000      7   812/ 900 blinker.rob
  7+  118/ 200  5000      6   800/ 900 thomas.rob
  8-    0/ 100  1833      1  1000/1000 explorer.rob
AmigaRobots V1.1.33ß von Hanno Behrens © 05-Aug-93
Arena: 
Roboteranzahl: 8
Runden Stop Munition Aufladen Schnell Vorpositionen
  5000   an   1000        40     an    aus
 ID  Panzerung  Züge Treffer  Munition Name
  1+  200/ 200  5000      6   801/ 900 dickeberta.rob
  2-    0/  50   803      3  1000/1000 runner.rob
  3-    0/ 150  3706      6   827/ 900 Berger_3
  4-    0/ 100  2689      6   853/ 900 demo.rob
  5-    0/ 100  1017      1   981/1000 simple.rob
  6+   14/ 200  5000      7   809/ 900 blinker.rob
  7+  109/ 200  5000      6   800/ 900 thomas.rob
  8-    0/ 100   439      1  1000/1000 explorer.rob
AmigaRobots V1.1.33ß von Hanno Behrens © 05-Aug-93
Arena: 
Roboteranzahl: 8
Runden Stop Munition Aufladen Schnell Vorpositionen
  5000   an   1000        40     an    aus
 ID  Panzerung  Züge Treffer  Munition Name
  1+  200/ 200  5000      7   800/ 900 dickeberta.rob
  2-    0/  50  3180      7  1000/1000 runner.rob
  3-    0/ 150  1002      1   880/ 900 Berger_3
  4-    0/ 100  3767      5   830/ 900 demo.rob
  5+   74/ 100  5000      7   909/1000 simple.rob
  6-    0/ 200  2435      1   852/ 900 blinker.rob
  7+   20/ 200  5000      1   800/ 900 thomas.rob
  8-    0/ 100  2852      7  1000/1000 explorer.rob
AmigaRobots V1.1.33ß von Hanno Behrens © 05-Aug-93
Arena: 
Roboteranzahl: 8
Runden Stop Munition Aufladen Schnell Vorpositionen
  5000   an   1000        40     an    aus
 ID  Panzerung  Züge Treffer  Munition Name
  1+  200/ 200  5000      6   800/ 900 dickeberta.rob
  2-    0/  50  1132      5  1000/1000 runner.rob
  3+   47/ 150  5000      6   803/ 900 Berger_3
  4-    0/ 100  1236      6   882/ 900 demo.rob
  5-    0/ 100  3274      6   955/1000 simple.rob
  6+  200/ 200  5000      1   827/ 900 blinker.rob
  7-    0/ 200  2328      6   853/ 900 thomas.rob
  8-    0/ 100  1059      1  1000/1000 explorer.rob
AmigaRobots V1.1.33ß von Hanno Behrens © 05-Aug-93
Arena: 
Roboteranzahl: 8
Runden Stop Munition Aufladen Schnell Vorpositionen
  5000   an   1000        40     an    aus
 ID  Panzerung  Züge Treffer  Munition Name
  1+  200/ 200  5000      7   800/ 900 dickeberta.rob
  2-    0/  50   489      4  1000/1000 runner.rob
  3+   29/ 150  5000      7   802/ 900 Berger_3
  4-    0/ 100  2654      3   868/ 900 demo.rob
  5-    0/ 100  2230      6P  960/1000 simple.rob
  6-    0/ 200  2058      1   860/ 900 blinker.rob
  7+   53/ 200  5000      1   800/ 900 thomas.rob
  8-    0/ 100  2415      7  1000/1000 explorer.rob
AmigaRobots V1.1.33ß von Hanno Behrens © 05-Aug-93
Arena: leer.rna
Roboteranzahl: 8
Runden Stop Munition Aufladen Schnell Vorpositionen
     0   an   1000        40    aus    aus
 ID  Panzerung  Züge Treffer  Munition Name
  1-    0/ 200  2062      5   858/ 900 Thomas.rob
  2-    0/ 200   871      8   882/ 900 Thomas.rob
  3-    0/ 200  1179      8   876/ 900 Thomas.rob
  4-    0/ 200  1681      5   866/ 900 Thomas.rob
  5+  200/ 200  2602      1   855/ 900 DickeBerta.rob
  6+  200/ 200  2602      1P  855/ 900 DickeBerta.rob
  7+  200/ 200  2602      1P  855/ 900 DickeBerta.rob
  8+  200/ 200  2602      1P  855/ 900 DickeBerta.rob
AmigaRobots V1.1.33ß von Hanno Behrens © 05-Aug-93
Arena: leer.rna
Roboteranzahl: 8
Runden Stop Munition Aufladen Schnell Vorpositionen
     0   an   1000        40    aus    aus
 ID  Panzerung  Züge Treffer  Munition Name
  1+  175/ 200    32      1   899/ 900 Thomas_10.rob
  2+  200/ 200    32      0V  899/ 900 Thomas_20.rob
  3+  200/ 200    32      0V  899/ 900 Blinker.rob
  4+  100/ 100    32      0V  899/ 900 demo.rob
  5+  200/ 200    32      0V  899/ 900 DickeBerta.rob
  6+  100/ 100    32      0V  999/1000 simple.rob
  7+  150/ 150    32      0V  899/ 900 Hinzi&Berger_1.rob
  8+  150/ 150    32      0V  899/ 900 Berger_3
AmigaRobots V1.1.33ß von Hanno Behrens © 05-Aug-93
Arena: leer.rna
Roboteranzahl: 7
Runden Stop Munition Aufladen Schnell Vorpositionen
     0   an   1000        40    aus    aus
 ID  Panzerung  Züge Treffer  Munition Name
  1-    0/ 200  9422      5   711/ 900 DickeBerta.rob
  2-    0/ 200  6086      5   807/ 900 Blinker.rob
  3-    0/ 100  3071      1   849/ 900 demo.rob
  4-    0/ 100  4444      1   932/1000 simple.rob
  5+  136/ 200  9423      1   714/ 900 Thomas_20.rob
  6-    0/ 150   652      2   887/ 900 Hinzi&Berger_1.rob
  7-    0/ 150  3434      5   832/ 900 Berger_3
AmigaRobots V1.1.33ß von Hanno Behrens © 05-Aug-93
Arena: leer.rna
Roboteranzahl: 2
Runden Stop Munition Aufladen Schnell Vorpositionen
     0   an   1000        40    aus    aus
 ID  Panzerung  Züge Treffer  Munition Name
  1+   64/ 200  2286      2   855/ 900 Thomas_20.rob
  2-    0/ 200  2285      1   854/ 900 DickeBerta.rob
AmigaRobots V1.1.33ß von Hanno Behrens © 05-Aug-93
Arena: leer.rna
Roboteranzahl: 6
Runden Stop Munition Aufladen Schnell Vorpositionen
     0   an   1000        40    aus    aus
 ID  Panzerung  Züge Treffer  Munition Name
  1-    0/ 100  4445      4   827/ 900 demo.rob
  2-    0/ 100  3376      4   939/1000 simple.rob
  3-    0/ 200   713      6   886/ 900 DickeBerta.rob
  4+  200/ 200  5757      1P  808/ 900 Blinker.rob
  5-    0/ 150   608      3   888/ 900 Hinzi&Berger_1.rob
  6-    0/ 150  5756      4   787/ 900 Berger_3
AmigaRobots V1.1.33ß von Hanno Behrens © 05-Aug-93
Arena: leer.rna
Roboteranzahl: 6
Runden Stop Munition Aufladen Schnell Vorpositionen
     0   an   1000        40    aus    aus
 ID  Panzerung  Züge Treffer  Munition Name
  1-    0/ 200  8643      6   821/ 900 Blinker.rob
  2-    0/ 200  5192      5   842/ 900 Blinker.rob
  3-    0/ 100  1541      2   886/ 900 demo.rob
  4-    0/ 100   712      1   987/1000 simple.rob
  5-    0/ 200 12427      6   757/ 900 DickeBerta.rob
  6+  151/ 200 12428      5   683/ 900 Thomas_20.rob
AmigaRobots V1.1.33ß von Hanno Behrens © 05-Aug-93
Arena: leer.rna
Roboteranzahl: 22
Runden Stop Munition Aufladen Schnell Vorpositionen
     0   an   1000        40    aus    aus
 ID  Panzerung  Züge Treffer  Munition Name
  1+  200/ 200   384      0V  892/ 900 Thomas_20.rob
  2+  200/ 200   384      2   892/ 900 Blinker.rob
  3+   98/ 100   384     10   892/ 900 demo.rob
  4+  200/ 200   384      0V  892/ 900 DickeBerta.rob
  5+   92/ 100   384      9   992/1000 simple.rob
  6+   40/  50   384     10  1000/1000 runner.rob
  7+  100/ 100   384      0V 1000/1000 explorer.rob
  8+  100/ 100   384      0V 1000/1000 nop.rob
  9+  200/ 200   384      0V  892/ 900 Jaeger.rob
 10+   79/ 150   384     12   892/ 900 Hinzi&Berger_1.rob
 11+  137/ 150   384      4   892/ 900 Berger_3
 12+   85/ 150   384      9   892/ 900 Hinzi&Berger_1.rob
 13+  141/ 150   384      3   892/ 900 Berger_3
 14+   98/ 100   384     21   993/1000 simple.rob
 15+  100/ 100   384      0V 1000/1000 nop.rob
 16+  200/ 200   384      0V  892/ 900 DickeBerta.rob
 17+   32/  50   384      1  1000/1000 runner.rob
 18+   98/ 100   384     22   892/ 900 demo.rob
 19-    0/ 100   243      4  1000/1000 explorer.rob
 20+  200/ 200   384      1   893/ 900 Blinker.rob
 21-    0/ 200   326     22   893/ 900 Jaeger.rob
 22+  200/ 200   384      0V  892/ 900 Thomas_20.rob
AmigaRobots V1.1.33ß von Hanno Behrens © 05-Aug-93
Arena: leer.rna
Roboteranzahl: 22
Runden Stop Munition Aufladen Schnell Vorpositionen
     0   an   1000        40    aus    aus
 ID  Panzerung  Züge Treffer  Munition Name
  1-    0/ 200  4807     20   805/ 900 Thomas_20.rob
  2+  123/ 200 11903     16   800/ 900 Blinker.rob
  3-    0/ 100  2198     20   860/ 900 demo.rob
  4+  200/ 200 11903      2   662/ 900 DickeBerta.rob
  5-    0/ 100  2611     20   948/1000 simple.rob
  6-    0/  50   480      3  1000/1000 runner.rob
  7-    0/ 100  2307      4  1000/1000 explorer.rob
  8-    0/ 100   944      3  1000/1000 nop.rob
  9-    0/ 200  1230      2   875/ 900 Jaeger.rob
 10-    0/ 150   802     16   884/ 900 Hinzi&Berger_1.rob
 11-    0/ 150  1972      4   861/ 900 Berger_3
 12-    0/ 150   780      9   885/ 900 Hinzi&Berger_1.rob
 13-    0/ 150  2334     16   854/ 900 Berger_3
 14-    0/ 100  2654     16   949/1000 simple.rob
 15-    0/ 100  1180      4  1000/1000 nop.rob
 16+  200/ 200 11903      2   679/ 900 DickeBerta.rob
 17-    0/  50   667      1  1000/1000 runner.rob
 18-    0/ 100  1178     20   879/ 900 demo.rob
 19-    0/ 100   243      4  1000/1000 explorer.rob
 20-    0/ 200  5497      2   823/ 900 Blinker.rob
 21-    0/ 200   326     22   893/ 900 Jaeger.rob
 22-    0/ 200  3656      2   828/ 900 Thomas_20.rob
AmigaRobots V1.1.34ß von Hanno Behrens © 07-Aug-93
Arena: leer.rna
Roboteranzahl: 6
Runden Stop Munition Aufladen Schnell Vorpositionen
     0   an   1000        40    aus    aus
 ID  Panzerung  Züge Treffer  Munition Name
  1+  200/ 200 37800      6   688/ 900 Blinker.rob
  2-    0/ 100  1299      5   984/1000 simple.rob
  3-    0/ 100  1273      2   884/ 900 demo.rob
  4-    0/ 200  2965      6   860/ 900 DickeBerta.rob
  5-    0/ 200  1522      6   870/ 900 Thomas_20.rob
  6-    0/ 200 37799      1   748/ 900 Thomas_20.rob
AmigaRobots V1.1.34ß von Hanno Behrens © 07-Aug-93
Arena: leer.rna
Roboteranzahl: 14
Runden Stop Munition Aufladen Schnell Vorpositionen
     0   an   1000        40    aus    aus
 ID  Panzerung  Züge Treffer  Munition Name
  1+   28/ 200 10813      2   687/ 900 Thomas_20.rob
  2-    0/ 200 10812      1   687/ 900 Thomas_20.rob
  3-    0/ 200  3703      2   826/ 900 DickeBerta.rob
  4-    0/ 200   711     13   885/ 900 DickeBerta.rob
  5-    0/ 100  1741      3   975/1000 simple.rob
  6-    0/ 100   730      5   985/1000 simple.rob
  7-    0/ 100   961     11P  888/ 900 demo.rob
  8-    0/ 100  1329      2   876/ 900 demo.rob
  9-    0/ 200  3389      1   849/ 900 Blinker.rob
 10-    0/ 200   697      4   887/ 900 Blinker.rob
 11-    0/ 150   744      3   885/ 900 Hinzi&Berger_1.rob
 12-    0/ 150  1209      2   877/ 900 Hinzi&Berger_1.rob
 13-    0/ 150  3209      2   837/ 900 Berger_3
 14-    0/ 150  2181      9   857/ 900 Berger_3
AmigaRobots V1.1.34ß von Hanno Behrens © 07-Aug-93
Arena: leer.rna
Roboteranzahl: 33
Runden Stop Munition Aufladen Schnell Vorpositionen
     0   an   1000        40    aus    aus
 ID  Panzerung  Züge Treffer  Munition Name
  1-    0/ 200  2244      2   855/ 900 Thomas_20.rob
  2-    0/ 200  2945      3   842/ 900 Thomas_20.rob
  3-    0/ 200  4060     13   820/ 900 Thomas_20.rob
  4-    0/ 150  1060     16   879/ 900 Hinzi&Berger_1.rob
  5-    0/ 150  5299     14   796/ 900 Berger_3
  6-    0/ 150  2426     14   853/ 900 Hinzi&Berger_1.rob
  7-    0/ 150  1415     21   873/ 900 Hinzi&Berger_1.rob
  8-    0/ 150  4323     14   815/ 900 Berger_3
  9-    0/ 150  1946     19   862/ 900 Berger_3
 10-    0/ 200  1354     14   873/ 900 Blinker.rob
 11-    0/ 200  3656      3   840/ 900 Blinker.rob
 12-    0/ 200  2956      2P  845/ 900 Blinker.rob
 13+  200/ 200  5492     11P  790/ 900 DickeBerta.rob
 14+  200/ 200  5492     11   790/ 900 DickeBerta.rob
 15-    0/ 200   807      5   884/ 900 DickeBerta.rob
 16-    0/ 100  1532     13   970/1000 simple.rob
 17-    0/ 100  1623     19   968/1000 simple.rob
 18-    0/ 100   428     15   991/1000 simple.rob
 19-    0/ 100  2752     12   852/ 900 demo.rob
 20-    0/ 100  2036     11   866/ 900 demo.rob
 21-    0/ 100  1831     12   869/ 900 demo.rob
 22-    0/ 100   778     17  1000/1000 explorer.rob
 23-    0/ 100  1703      3  1000/1000 explorer.rob
 24-    0/ 100   515     13  1000/1000 explorer.rob
 25-    0/  50   373      7  1000/1000 runner.rob
 26-    0/  50  2319      1P 1000/1000 runner.rob
 27-    0/  50   819     13  1000/1000 runner.rob
 28-    0/ 100   785     33  1000/1000 nop.rob
 29-    0/ 100   651      2  1000/1000 nop.rob
 30-    0/ 100  1315     17  1000/1000 nop.rob
 31-    0/ 200   318      2   893/ 900 Jaeger.rob
 32-    0/ 200   772     16   884/ 900 Jaeger.rob
 33-    0/ 200  1004      4   880/ 900 Jaeger.rob
AmigaRobots V1.1.34ß von Hanno Behrens © 07-Aug-93
Arena: leer.rna
Roboteranzahl: 30
Runden Stop Munition Aufladen Schnell Vorpositionen
     0   an   1000        40    aus    aus
 ID  Panzerung  Züge Treffer  Munition Name
  1-    0/ 200  4549      2   820/ 900 Blinker.rob
  2-    0/ 200  9598      6   793/ 900 Blinker.rob
  3-    0/ 200  3921     15   827/ 900 Blinker.rob
  4+  200/ 200 156964      2   714/ 900 DickeBerta.rob
  5+  200/ 200 156964      2P  704/ 900 DickeBerta.rob
  6+  200/ 200 156964      2   704/ 900 DickeBerta.rob
  7-    0/ 100   918     20   885/ 900 demo.rob
  8-    0/ 100  1061     11   881/ 900 demo.rob
  9-    0/ 100  1827      6   869/ 900 demo.rob
 10-    0/ 100   445      2   992/1000 simple.rob
 11-    0/ 100  1450     13   972/1000 simple.rob
 12-    0/ 100   583      7   989/1000 simple.rob
 13-    0/ 200  3544     15   830/ 900 Thomas_20.rob
 14-    0/ 200  2211      1   856/ 900 Thomas_20.rob
 15-    0/ 200  4271      4   816/ 900 Thomas_20.rob
 16-    0/ 150   652      4   887/ 900 Hinzi&Berger_1.rob
 17-    0/ 150  1068      9   879/ 900 Hinzi&Berger_1.rob
 18-    0/ 150  1336      9   874/ 900 Hinzi&Berger_1.rob
 19-    0/ 150  2504      5   851/ 900 Berger_3
 20-    0/ 150  5684      5   788/ 900 Berger_3
 21-    0/ 150   236      4   895/ 900 Berger_3
 22-    0/ 100  3553      3  1000/1000 explorer.rob
 23-    0/ 100  2256     13  1000/1000 explorer.rob
 24-    0/ 100  1942      1  1000/1000 explorer.rob
 25-    0/  50   232      9  1000/1000 runner.rob
 26-    0/  50  3229      3  1000/1000 runner.rob
 27-    0/  50   501     11  1000/1000 runner.rob
 28-    0/ 100   416     18  1000/1000 nop.rob
 29-    0/ 100   738      1  1000/1000 nop.rob
 30-    0/ 100  1314     17P 1000/1000 nop.rob
AmigaRobots V1.1.34ß von Hanno Behrens © 07-Aug-93
Arena: leer.rna
Roboteranzahl: 21
Runden Stop Munition Aufladen Schnell Vorpositionen
     0   an   1000        40    aus    aus
 ID  Panzerung  Züge Treffer  Munition Name
  1-    0/ 200  7379     15   752/ 900 DickeBerta.rob
  2-    0/ 200  3359     12   832/ 900 DickeBerta.rob
  3-    0/ 200 15370     15   780/ 900 DickeBerta.rob
  4-    0/ 100  1329     12   876/ 900 demo.rob
  5-    0/ 100  1183     18   880/ 900 demo.rob
  6-    0/ 100  2284      2   864/ 900 demo.rob
  7-    0/ 100  1321     10   974/1000 simple.rob
  8-    0/ 100  1299     10   975/1000 simple.rob
  9-    0/ 100  1676     12   969/1000 simple.rob
 10-    0/ 200  1345     21   874/ 900 Blinker.rob
 11-    0/ 200   430      2   891/ 900 Blinker.rob
 12-    0/ 200  5043     15   820/ 900 Blinker.rob
 13-    0/ 200  3181     15   837/ 900 Thomas_20.rob
 14-    0/ 200   852     15   883/ 900 Thomas_20.rob
 15+  154/ 200 15371      0V  597/ 900 Thomas_20.rob
 16-    0/ 150  2063     12   860/ 900 Hinzi&Berger_1.rob
 17-    0/ 150   812      2   884/ 900 Hinzi&Berger_1.rob
 18-    0/ 150  1530      2   871/ 900 Hinzi&Berger_1.rob
 19-    0/ 150  9724     15   709/ 900 Berger_3
 20-    0/ 150  2649     13   848/ 900 Berger_3
 21-    0/ 150  3412     13P  833/ 900 Berger_3
AmigaRobots V1.1.34ß von Hanno Behrens © 07-Aug-93
Arena: leer.rna
Roboteranzahl: 21
Runden Stop Munition Aufladen Schnell Vorpositionen
     0   an   1000        40    aus    aus
 ID  Panzerung  Züge Treffer  Munition Name
  1-    0/ 150  2619     12   848/ 900 Berger_3
  2-    0/ 150   826      8   884/ 900 Hinzi&Berger_1.rob
  3-    0/ 150  1586     21   869/ 900 Hinzi&Berger_1.rob
  4-    0/ 150  1249     20   876/ 900 Hinzi&Berger_1.rob
  5-    0/ 150  4499     21   812/ 900 Berger_3
  6-    0/ 150  6338     21   775/ 900 Berger_3
  7-    0/ 200  1176     10   876/ 900 Thomas_20.rob
  8-    0/ 200  2265      1   855/ 900 Thomas_20.rob
  9-    0/ 200  1963      1   861/ 900 Thomas_20.rob
 10-    0/ 200  3977     19   820/ 900 DickeBerta.rob
 11+  200/ 200 310771     20   519/ 900 DickeBerta.rob
 12+  200/ 200 310771     20   749/ 900 DickeBerta.rob
 13-    0/ 100   764      1   887/ 900 demo.rob
 14-    0/ 100  2006     20   866/ 900 demo.rob
 15-    0/ 100   577     20   892/ 900 demo.rob
 16-    0/ 100   378     11   992/1000 simple.rob
 17-    0/ 100  2669     10   955/1000 simple.rob
 18-    0/ 100   614     12   987/1000 simple.rob
 19-    0/ 200  4977     21   824/ 900 Blinker.rob
 20+  200/ 200 310771     11    74/ 900 Blinker.rob
 21-    0/ 200  7670     11   797/ 900 Blinker.rob
AmigaRobots V1.1.34ß von Hanno Behrens © 07-Aug-93
Arena: leer.rna
Roboteranzahl: 21
Runden Stop Munition Aufladen Schnell Vorpositionen
     0   an   1000        40    aus    aus
 ID  Panzerung  Züge Treffer  Munition Name
  1-    0/ 200  5260     15   822/ 900 Blinker.rob
  2-    0/ 200  4087      3P  833/ 900 Blinker.rob
  3-    0/ 200  4016     15   832/ 900 Blinker.rob
  4-    0/ 100   899     18   886/ 900 demo.rob
  5-    0/ 100  1178     10   880/ 900 demo.rob
  6-    0/ 100  1305     11   880/ 900 demo.rob
  7-    0/ 100  2653     11   955/1000 simple.rob
  8-    0/ 100   909      7   982/1000 simple.rob
  9-    0/ 100   380     10   992/1000 simple.rob
 10-    0/ 200  5806     15   784/ 900 DickeBerta.rob
 11+  200/ 200 120264     15P  772/ 900 DickeBerta.rob
 12+  200/ 200 120264      1   772/ 900 DickeBerta.rob
 13-    0/ 200  1002     15   880/ 900 Thomas_20.rob
 14-    0/ 200  3260     21   835/ 900 Thomas_20.rob
 15-    0/ 200  6200     11   778/ 900 Thomas_20.rob
 16-    0/ 150   686      1   886/ 900 Hinzi&Berger_1.rob
 17-    0/ 150   497      8   890/ 900 Hinzi&Berger_1.rob
 18-    0/ 150  2012      7   861/ 900 Hinzi&Berger_1.rob
 19-    0/ 150  3776      1   826/ 900 Berger_3
 20-    0/ 150   354     12   893/ 900 Berger_3
 21-    0/ 150  4152     10   818/ 900 Berger_3
AmigaRobots V1.1.34ß von Hanno Behrens © 07-Aug-93
Arena: leer.rna
Roboteranzahl: 7
Runden Stop Munition Aufladen Schnell Vorpositionen
 50000  aus   1000        40    aus    aus
 ID  Panzerung  Züge Treffer  Munition Name
  1-    0/ 100  1173      3   885/ 900 demo.rob
  2-    0/ 100   391      1   993/1000 simple.rob
  3-    0/ 200  3499      5   830/ 900 DickeBerta.rob
  4-    0/ 200  3090      3   857/ 900 Blinker.rob
  5+  154/ 200 11775      4P  668/ 900 Thomas_20.rob
  6-    0/ 150  1130      5   878/ 900 Hinzi&Berger_1.rob
  7-    0/ 150  5495      5   792/ 900 Berger_3
AmigaRobots V1.1.34ß von Hanno Behrens © 07-Aug-93
Arena: leer.rna
Roboteranzahl: 7
Runden Stop Munition Aufladen Schnell Vorpositionen
 50000  aus   1000        40    aus    aus
 ID  Panzerung  Züge Treffer  Munition Name
  1+   55/ 200  9093      2P  721/ 900 Thomas_20.rob
  2-    0/ 200  7294      1   754/ 900 DickeBerta.rob
  3-    0/ 100  2768      2   856/ 900 demo.rob
  4-    0/ 200  4658      1   814/ 900 Blinker.rob
  5-    0/ 100  3958      4   933/1000 simple.rob
  6-    0/ 150  2658      5   849/ 900 Hinzi&Berger_1.rob
  7-    0/ 150  8869      1   837/ 900 Berger_3
AmigaRobots V1.1.34ß von Hanno Behrens © 07-Aug-93
Arena: leer.rna
Roboteranzahl: 7
Runden Stop Munition Aufladen Schnell Vorpositionen
 50000  aus   1000        40    aus    aus
 ID  Panzerung  Züge Treffer  Munition Name
  1-    0/ 200  2464      6   867/ 900 Blinker.rob
  2-    0/ 100  1622      1   872/ 900 demo.rob
  3-    0/ 200  2994      6   840/ 900 DickeBerta.rob
  4-    0/ 100  1035      3   983/1000 simple.rob
  5-    0/ 150   809      4   884/ 900 Hinzi&Berger_1.rob
  6+  121/ 200  3351      3P  834/ 900 Thomas_20.rob
  7-    0/ 150  1764      3   865/ 900 Berger_3
AmigaRobots V1.1.34ß von Hanno Behrens © 07-Aug-93
Arena: leer.rna
Roboteranzahl: 7
Runden Stop Munition Aufladen Schnell Vorpositionen
 50000  aus   1000        40    aus    aus
 ID  Panzerung  Züge Treffer  Munition Name
  1+  200/ 200  8800      3   810/ 900 Blinker.rob
  2-    0/ 100  2364      1   867/ 900 demo.rob
  3+  200/ 200  8800      1   835/ 900 DickeBerta.rob
  4-    0/ 100   649      3   989/1000 simple.rob
  5-    0/ 150  1233      1   876/ 900 Hinzi&Berger_1.rob
  6-    0/ 200  1874      7   863/ 900 Thomas_20.rob
  7+   62/ 150  8800      1   727/ 900 Berger_3
AmigaRobots V1.1.36ß von Hanno Behrens © 18-Aug-93
Arena: leer.rna
Roboteranzahl: 8
Runden Stop Munition Aufladen Schnell Vorpositionen
 50000   an   1000        40    aus    aus
 ID  Panzerung  Züge Treffer  Munition Name
  1+  200/ 200   910      0V  882/ 900 DickeBerta.rob
  2+  200/ 200   910      0V  881/ 900 DickeBerta.rob
  3+   21/ 100   910      1   886/ 900 demo.rob
  4-    0/ 100   612      6   989/1000 simple.rob
  5+  200/ 200   910      0V  882/ 900 Blinker.rob
  6+  137/ 200   910      2   882/ 900 Thomas_20.rob
  7+   78/ 150   910      5   883/ 900 Hinzi&Berger_1.rob
  8+  135/ 150   910      3   882/ 900 Berger_3
AmigaRobots V1.1.36ß von Hanno Behrens © 18-Aug-93
Arena: Battlefield.rna
Roboteranzahl: 9
Runden Stop Munition Aufladen Schnell Vorpositionen
 50000   an   1000        40    aus    aus
 ID  Panzerung  Züge Treffer  Munition Name
  1+  200/ 200  5401      0V  838/ 900 Blinker.rob
  2-    0/ 200  4072      7   840/ 900 Blinker.rob
  3-    0/ 100  2107      5   867/ 900 demo.rob
  4-    0/ 200  3801      7   824/ 900 DickeBerta.rob
  5+  200/ 200  5401      3P  792/ 900 DickeBerta.rob
  6-    0/ 100  1113      5   978/1000 simple.rob
  7+   55/ 200  5401      2   793/ 900 Thomas_20.rob
  8-    0/ 150   896      3   883/ 900 Hinzi&Berger_1.rob
  9-    0/ 150  2108      4   858/ 900 Berger_3
AmigaRobots V1.1.36ß von Hanno Behrens © 18-Aug-93
Arena: Battlefield.rna
Roboteranzahl: 9
Runden Stop Munition Aufladen Schnell Vorpositionen
 50000   an   1000        40    aus    aus
 ID  Panzerung  Züge Treffer  Munition Name
  1-    0/ 200 36236      7   730/ 900 Blinker.rob
  2-    0/ 200  4072      7   840/ 900 Blinker.rob
  3-    0/ 100  2107      5   867/ 900 demo.rob
  4-    0/ 200  3801      7   824/ 900 DickeBerta.rob
  5-    0/ 200 28772      7   497/ 900 DickeBerta.rob
  6-    0/ 100  1113      5   978/1000 simple.rob
  7+   49/ 200 36237      0V  203/ 900 Thomas_20.rob
  8-    0/ 150   896      3   883/ 900 Hinzi&Berger_1.rob
  9-    0/ 150  2108      4   858/ 900 Berger_3
AmigaRobots V1.1.36ß von Hanno Behrens © 18-Aug-93
Arena: leer.rna
Roboteranzahl: 0
Runden Stop Munition Aufladen Schnell Vorpositionen
 50000  aus   1000        40    aus    aus
 ID  Panzerung  Züge Treffer  Munition Name
AmigaRobots V1.1.36ß von Hanno Behrens © 18-Aug-93
Arena: leer.rna
Roboteranzahl: 0
Runden Stop Munition Aufladen Schnell Vorpositionen
 50000  aus   1000        40    aus    aus
 ID  Panzerung  Züge Treffer  Munition Name
AmigaRobots V1.1  von Hanno Behrens © 04-Sep-93
Arena: leer.rna
Roboteranzahl: 3
Runden Stop Munition Aufladen Schnell Vorpositionen
 50000   an   1000        40    aus    aus
 ID  Panzerung  Züge Treffer  Munition Name
  1-    0/ 200  3157      3   863/ 900 Wolf.rob
  2-    0/ 100  1703      3   879/ 900 MyDemo.rob
  3+  178/ 200  3158      1   837/ 900 DickeBerta.rob
AmigaRobots V1.1  von Hanno Behrens © 04-Sep-93
Arena: leer.rna
Roboteranzahl: 7
Runden Stop Munition Aufladen Schnell Vorpositionen
 50000   an   1000        40    aus    aus
 ID  Panzerung  Züge Treffer  Munition Name
  1-    0/ 200  1146      5   877/ 900 Wolf.rob
  2-    0/ 200  1179      7   876/ 900 Wolf.rob
  3-    0/ 200   519      7   890/ 900 Wolf.rob
  4-    0/ 200  2829      7   858/ 900 Wolf.rob
  5-    0/ 200  1395      4   873/ 900 Wolf.rob
  6+  200/ 200  5298      0V  842/ 900 DickeBerta.rob
  7+  200/ 200  5298      4   839/ 900 DickeBerta.rob
AmigaRobots V1.1  von Hanno Behrens © 04-Sep-93
Arena: leer.rna
Roboteranzahl: 9
Runden Stop Munition Aufladen Schnell Vorpositionen
 50000   an   1000        40    aus    aus
 ID  Panzerung  Züge Treffer  Munition Name
  1-    0/ 200  4593      5   809/ 900 DickeBerta.rob
  2-    0/ 100   726      1   889/ 900 demo.rob
  3-    0/ 100  1316      1   974/1000 simple.rob
  4-    0/ 200  9467      5   809/ 900 Blinker.rob
  5+   52/ 200  9468      4   713/ 900 Thomas_20.rob
  6-    0/ 150  2668      5   850/ 900 Hinzi&Berger_1.rob
  7-    0/ 100  1763      5   872/ 900 MyDemo.rob
  8-    0/ 200   966      4   881/ 900 Wolf.rob
  9-    0/ 150   366      1   893/ 900 Berger_3
AmigaRobots V1.1  von Hanno Behrens © 04-Sep-93
Arena: leer.rna
Roboteranzahl: 9
Runden Stop Munition Aufladen Schnell Vorpositionen
 50000   an   1000        40    aus    aus
 ID  Panzerung  Züge Treffer  Munition Name
  1-    0/ 100  1333      5   880/ 900 demo.rob
  2-    0/ 200  3968      5   851/ 900 Blinker.rob
  3-    0/ 200  7787      5   745/ 900 DickeBerta.rob
  4-    0/ 100  1047      3   979/1000 simple.rob
  5+  104/ 200  7788      3   747/ 900 Thomas_20.rob
  6-    0/ 100  1426      9   886/ 900 MyDemo.rob
  7-    0/ 200   404      3   892/ 900 Wolf.rob
  8-    0/ 150   856      2   883/ 900 Hinzi&Berger_1.rob
  9-    0/ 150  2671      2   847/ 900 Berger_3
AmigaRobots V1.1  von Hanno Behrens © 04-Sep-93
Arena: leer.rna
Roboteranzahl: 5
Runden Stop Munition Aufladen Schnell Vorpositionen
 50000   an   1000        40    aus    aus
 ID  Panzerung  Züge Treffer  Munition Name
  1+  200/ 200   116      0V  897/ 900 DickeBerta.rob
  2+  100/ 100   116      0V  898/ 900 demo.rob
  3+  100/ 100   116      0V  999/1000 simple.rob
  4+  100/ 100   116      0V  898/ 900 MyDemo.rob
  5+  200/ 200   116      0V  897/ 900 Wolf.rob
AmigaRobots V1.1  von Hanno Behrens © 04-Sep-93
Arena: leer.rna
Roboteranzahl: 6
Runden Stop Munition Aufladen Schnell Vorpositionen
 50000   an   1000        40    aus    aus
 ID  Panzerung  Züge Treffer  Munition Name
  1-    0/ 100  2647      3   871/ 900 MyDemo.rob
  2-    0/ 200  3460      6   840/ 900 Wolf.rob
  3+  195/ 200 17814      6   544/ 900 DickeBerta.rob
  4-    0/ 100  1053      3   884/ 900 demo.rob
  5-    0/ 100  2210      2   985/1000 simple.rob
  6-    0/ 200 17813      3   550/ 900 Thomas_20.rob
AmigaRobots V1.1  von Hanno Behrens © 04-Sep-93
Arena: leer.rna
Roboteranzahl: 2
Runden Stop Munition Aufladen Schnell Vorpositionen
 50000   an   1000        40    aus    aus
 ID  Panzerung  Züge Treffer  Munition Name
  1+   99/ 200  3709      2   827/ 900 Thomas_20.rob
  2-    0/ 200  3708      1   827/ 900 DickeBerta.rob
AmigaRobots V1.2.4ß von Hanno Behrens © 10-Sep-93
Arena: leer.rna
Roboteranzahl: 4
Runden Stop Munition Aufladen Schnell Vorpositionen
 50000   an   1000        40    aus    aus
 ID  Panzerung  Züge Treffer  Munition Name
  1+  200/ 200    87      0V  898/ 900 Blinker.rob
  2+  200/ 200    87      0V  898/ 900 DickeBerta.rob
  3+   49/  50    87      0V 1000/1000 runner.rob
  4+  100/ 100    87      0V  998/1000 simple.rob
AmigaRobots V1.2.10ß von Hanno Behrens © 10-Sep-93
Arena: leer.rna
Roboteranzahl: 3
Runden Stop Munition Aufladen Schnell Vorpositionen
 50000   an   1000        40    aus    aus
 ID  Panzerung  Züge Treffer  Munition Name
  1-    0/ 100  1493      2   888/ 900 demo.rob
  2+  194/ 200  1494      1   870/ 900 DickeBerta.rob
  3-    0/ 100   431      1   993/1000 simple.rob
AmigaRobots V1.2.22ß von Hanno Behrens © 11-Sep-93
Arena: leer.rna
Roboteranzahl: 4
Runden Stop Munition Aufladen Schnell Vorpositionen
 50000   an   1000        40    aus    aus
 ID  Panzerung  Züge Treffer  Munition Name
  1+  196/ 200  6782      3   860/ 900 Blinker.rob
  2-    0/ 100   939      3   886/ 900 demo.rob
  3+  200/ 200  6782      1   769/ 900 DickeBerta.rob
  5-    0/ 100  2009      1   982/1000 simple.rob
AmigaRobots V1.2.23ß von Hanno Behrens © 11-Sep-93
Arena: leer.rna
Roboteranzahl: 3
Runden Stop Munition Aufladen Schnell Vorpositionen
 50000   an   1000        40    aus    aus
 ID  Panzerung  Züge Treffer  Munition Name
  1+  200/ 200    55      0V  899/ 900 DickeBerta.rob
  3+  100/ 100    55      0V 1000/1000 simple.rob
  4+  100/ 100    55      0V  900/ 900 demo.rob
AmigaRobots V1.2.24ß von Hanno Behrens © 11-Sep-93
Arena: leer.rna
Roboteranzahl: 4
Runden Stop Munition Aufladen Schnell Vorpositionen
 50000   an   1000        40    aus    aus
 ID  Panzerung  Züge Treffer  Munition Name
  1-    0/ 200 33101      3   842/ 900 Blinker.rob
  2-    0/ 100  1257      1   881/ 900 demo.rob
  3+  200/ 200 33102      1   441/ 900 DickeBerta.rob
  4-    0/ 100  1012      3   984/1000 simple.rob
AmigaRobots V1.2.25ß von Hanno Behrens © 13-Sep-93
Arena: leer.rna
Roboteranzahl: 8
Runden Stop Munition Aufladen Schnell Vorpositionen
 50000   an   1000        40    aus    aus
 ID  Panzerung  Züge Treffer  Munition Name
  1+  200/ 200   492      0V  890/ 900 Blinker.rob
  2+  100/ 100   492      0V  890/ 900 demo.rob
  3+  200/ 200   492      0V  890/ 900 DickeBerta.rob
  4+   64/ 100   492      3  1000/1000 explorer.rob
  5+  200/ 200   492      0V  890/ 900 Jaeger.rob
  6+   26/ 100   492      8  1000/1000 nop.rob
  7-    0/  50   436      2  1000/1000 runner.rob
  8+   90/ 100   492      5   991/1000 simple.rob
AmigaRobots V1.2.25ß von Hanno Behrens © 13-Sep-93
Arena: leer.rna
Roboteranzahl: 6
Runden Stop Munition Aufladen Schnell Vorpositionen
 50000   an   1000        40    aus    aus
 ID  Panzerung  Züge Treffer  Munition Name
  1+  100/ 100    17      0V  900/ 900 demo.rob
  2+  200/ 200    17      0V  899/ 900 DickeBerta.rob
  3+  100/ 100    17      0V 1000/1000 nop.rob
  4+  100/ 100    17      0V 1000/1000 simple.rob
  5+  200/ 200    17      0V  899/ 900 Blinker.rob
  6+  200/ 200    17      0V  899/ 900 AmigaRobots V1.2.25ß von Hanno Behrens © 13-Sep-93
Arena: leer.rna
Roboteranzahl: 4
Runden Stop Munition Aufladen Schnell Vorpositionen
 50000   an   1000        40    aus    aus
 ID  Panzerung  Züge Treffer  Munition Name
  1-    0/ 100   661      4   893/ 900 demo.rob
  2-    0/ 100  2830      3   985/1000 simple.rob
  3+  200/ 200  4274      1   839/ 900 DickeBerta.rob
  4+  200/ 200  4274      0V  839/ 900 DickeBerta.rob
AmigaRobots V1.2.25ß von Hanno Behrens © 13-Sep-93
Arena: leer.rna
Roboteranzahl: 8
Runden Stop Munition Aufladen Schnell Vorpositionen
 50000   an   1000        40    aus    aus
 ID  Panzerung  Züge Treffer  Munition Name
  1-    0/ 100   392      2   894/ 900 demo.rob
  2-    0/ 100  1081      5   980/1000 simple.rob
  3-    0/ 200  2172      5   856/ 900 DickeBerta.rob
  4-    0/ 200  4829      5   847/ 900 Blinker.rob
  5+   46/ 200  4830      4   805/ 900 Thomas_20.rob
  6-    0/ 200   499      5   890/ 900 Wolf.rob
  7-    0/ 150  1511      4   871/ 900 Hinzi&Berger_1.rob
  8-    0/ 150  3389      5   833/ 900 Berger_3
AmigaRobots V1.2.25ß von Hanno Behrens © 13-Sep-93
Arena: leer.rna
Roboteranzahl: 9
Runden Stop Munition Aufladen Schnell Vorpositionen
 50000   an   1000        40    aus    aus
 ID  Panzerung  Züge Treffer  Munition Name
  1+  200/ 200 50000      3   681/ 900 Blinker.rob
  2-    0/ 100  2432      4   858/ 900 demo.rob
  3+  200/ 200 50000      1   370/ 900 DickeBerta.rob
  4-    0/ 100  3348      3   942/1000 simple.rob
  5-    0/ 200  6459      3   773/ 900 Thomas_20.rob
  6-    0/ 200   682      1   886/ 900 Wolf.rob
  7-    0/ 100  3688      1   840/ 900 MyDemo.rob
  8-    0/ 150  1269      7   875/ 900 Hinzi&Berger_1.rob
  9-    0/ 150 14726      1   611/ 900 Berger_3
AmigaRobots V1.2.25ß von Hanno Behrens © 13-Sep-93
Arena: leer.rna
Roboteranzahl: 2
Runden Stop Munition Aufladen Schnell Vorpositionen
 50000   an   1000        40    aus    aus
 ID  Panzerung  Züge Treffer  Munition Name
  1+  100/ 100  1684      0V 1000/1000 nop.rob
  2+   46/ 100  1684      0V  900/ 900 Manowar.rob
AmigaRobots V1.2.25ß von Hanno Behrens © 13-Sep-93
Arena: leer.rna
Roboteranzahl: 1
Runden Stop Munition Aufladen Schnell Vorpositionen
 50000  aus   1000        40    aus    aus
 ID  Panzerung  Züge Treffer  Munition Name
  1+   83/ 100   934      0V  900/ 900 Manowar.rob
AmigaRobots V1.2.25ß von Hanno Behrens © 13-Sep-93
Arena: leer.rna
Roboteranzahl: 4
Runden Stop Munition Aufladen Schnell Vorpositionen
 50000   an   1000        40    aus    aus
 ID  Panzerung  Züge Treffer  Munition Name
  1+   51/ 100   980      3   900/ 900 Manowar.rob
  2+  100/ 100   980      0V  890/ 900 demo.rob
  3+  190/ 200   980      2   881/ 900 Blinker.rob
  4+  200/ 200   980      0V  880/ 900 DickeBerta.rob
AmigaRobots V1.2.25ß von Hanno Behrens © 13-Sep-93
Arena: leer.rna
Roboteranzahl: 9
Runden Stop Munition Aufladen Schnell Vorpositionen
 50000   an   1000        40    aus    aus
 ID  Panzerung  Züge Treffer  Munition Name
  1-    0/ 100  1366      5   900/ 900 Manowar.rob
  2-    0/ 100  1065      5   900/ 900 Manowar.rob
  3+  200/ 200  19AmigaRobots V1.2.29ß von Hanno Behrens © 08-Nov-93
Arena: leer.rna
Roboteranzahl: 7
Runden Stop Munition Aufladen Schnell Vorpositionen
 50000   an     40        40    aus    aus
 ID  Panzerung  Züge Treffer  Munition Name
  1-    0/ 100  1950      7P    0/  36 demo.rob
  2-    0/ 100   972      3    22/  40 simple.rob
  3+  200/ 200 50000      5     0/  36 DickeBerta.rob
  4-    0/ 100   397      7    40/  40 nop.rob
  5+  200/ 200 50000      7P    0/  36 Blinker.rob
  6-    0/ 100   876      5    36/  36 Manowar.rob
  7-    0/ 200  1691      3     2/  36 Thomas_20.rob
AmigaRobots V1.2.30ß von Hanno Behrens © 08-Nov-93
Arena: leer.rna
Roboteranzahl: 1
Runden Stop Munition Aufladen Schnell Vorpositionen
 50000  aus     40        40    aus    aus
 ID  Panzerung  Züge Treffer  Munition Name
  1+   49/  50   466      0V   40/  40 runner.rob
AmigaRobots V1.2.30ß von Hanno Behrens © 08-Nov-93
Arena: leer.rna
Roboteranzahl: 1
Runden Stop Munition Aufladen Schnell Vorpositionen
 50000  aus     40        40    aus    aus
 ID  Panzerung  Züge Treffer  Munition Name
  1+   49/  50  4761      0V   40/  40 runner.rob
AmigaRobots V1.2.31ß von Hanno Behrens © 08-Nov-93
Arena: leer.rna
Roboteranzahl: 1
Runden Stop Munition Aufladen Schnell Vorpositionen
 50000  aus     40        40    aus    aus
 ID  Panzerung  Züge Treffer  Munition Name
  1+   50/  50    80      0V   40/  40 runner.rob
AmigaRobots V1.2.31ß von Hanno Behrens © 08-Nov-93
Arena: leer.rna
Roboteranzahl: 1
Runden Stop Munition Aufladen Schnell Vorpositionen
 50000  aus     40        40    aus    aus
 ID  Panzerung  Züge Treffer  Munition Name
  1+   50/  50    70      0V   40/  40 runner.rob
AmigaRobots V1.2.35ß von Hanno Behrens © 08-Nov-93
Arena: leer.rna
Roboteranzahl: 2
Runden Stop Munition Aufladen Schnell Vorpositionen
 50000   an     40        40    aus    aus
 ID  Panzerung  Züge Treffer  Munition Name
  1+  200/ 200  1376      0V    8/  36 DickeBerta.rob
  2-    0/ 100  1375      1    40/  40 tester.rob
AmigaRobots V1.2.35ß von Hanno Behrens © 08-Nov-93
Arena: leer.rna
Roboteranzahl: 1
Runden Stop Munition Aufladen Schnell Vorpositionen
 50000  aus     40        40    aus    aus
 ID  Panzerung  Züge Treffer  Munition Name
  1+  100/ 100  2092      0V   16/  40 tester.rob
AmigaRobots V1.2.35ß von Hanno Behrens © 08-Nov-93
Arena: leer.rna
Roboteranzahl: 2
Runden Stop Munition Aufladen Schnell Vorpositionen
 50000  aus     40        40    aus    aus
 ID  Panzerung  Züge Treffer  Munition Name
  1+  100/ 100  AmigaRobots V1.2. von Hanno Behrens © 12-Nov-93
Arena: leer.rna
Roboteranzahl: 4
Runden Stop Munition Aufladen Schnell Vorpositionen
 50000   an     40        40    aus    aus
 ID  Panzerung  Züge Treffer  Munition Name
  1+  200/ 200  7724      4     0/  36 DickeBerta.rob
  2-    0/ 100   566      1    40/  40 hase.rob
  3-    0/ 100  2020      4     3/  36 demo.rob
  4+   64/ 100  7724      3P    2/  40 simple.rob
AmigaRobots V1.2. von Hanno Behrens © 12-Nov-93
Arena: Battlefield.rna
Roboteranzahl: 8
Runden Stop Munition Aufladen Schnell Vorpositionen
 50000   an     40        40    aus    aus
 ID  Panzerung  Züge Treffer  Munition Name
  1+  200/ 200  4835      4     0/  36 DickeBerta.rob
  2+  200/ 200  4835      4     0/  36 DickeBerta.rob
  3+  200/ 200  4835      0V    0/  36 Blinker.rob
  4-    0/ 100  1657      1    14/  36 demo.rob
  5+   96/ 100  4835      8     0/  40 simple.rob
  6+  100/ 100  4835      0V   40/  40 hase.rob
  7+  100/ 100  4835      0V   40/  40 nop.rob
  8+  150/ 200  4835      0V    0/  36 Thomas_20.rob
AmigaRobots V1.2. von Hanno Behrens © 12-Nov-93
Arena: Leer.rna
Roboteranzahl: 5
Runden Stop Munition Aufladen Schnell Vorpositionen
 50000   an     40        40    aus    aus
 ID  Panzerung  Züge Treffer  Munition Name
  1+  200/ 200  5708      0V    0/  36 DickeBerta.rob
  2+  100/ 100  5708      0V   40/  40 explorer.rob
  3-    0/ 100  1269      1    40/  40 hase.rob
  4+  200/ 200  5708      0V    0/  36 Jaeger.rob
  5-    0/ 100  1924      1    40/  40 nop.rob
AmigaRobots V1.2. von Hanno Behrens © 12-Nov-93
Arena: Leer.rna
Roboteranzahl: 11
Runden Stop Munition Aufladen Schnell Vorpositionen
 50000   an     40        40    aus     an
 ID  Panzerung  Züge Treffer  Munition Name
  1+  200/ 200     3      0V   36/  36 DickeBerta.rob
  2+  200/ 200     3      0V   36/  36 DickeBerta.rob
  3+  100/ 100     3      0V   40/  40 nop.rob
  4+  100/ 100     3      0V   40/  40 simple.rob
  5+  100/ 100     3      0V   36/  36 demo.rob
  6+  200/ 200     3      0V   36/  36 Blinker.rob
  7+  100/ 100     3      0V   36/  36 Manowar.rob
  8+  100/ 100     3      0V   35/  36 MyDemo.rob
  9+  200/ 200     3      0V   36/  36 Wolf.rob
 10+  150/ 150     3      0V   36/  36 Hinzi&Berger_1.rob
 11+  150/ 150     3      0V   36/  36 Berger_3
AmigaRobots V1.2. von Hanno Behrens © 12-Nov-93
Arena: Leer.rna
Roboteranzahl: 11
Runden Stop Munition Aufladen Schnell Vorpositionen
 50000   an     40        40    aus     an
 ID  Panzerung  Züge Treffer  Munition Name
  1+  200/ 200  1075      0V   14/  36 DickeBerta.rob
  2+  200/ 200  1075      5    14/  36 DickeBerta.rob
  3-    0/ 100   868      6    40/  40 nop.rob
  4+   90/ 100  1075      6    21/  40 simple.rob
  5-    0/ 100  1011      1    20/  36 demo.rob
  6+  200/ 200  1075     10    15/  36 Blinker.rob
  7-    0/ 100   821      4    36/  36 Manowar.rob
  8+   39/ 100  1075      4    19/  36 MyDemo.rob
  9-    0/ 200   745     10    21/  36 Wolf.rob
 10+   34/ 150  1075      4    15/  36 Hinzi&Berger_1.rob
 11+  140/ 150  1075      4    15/  36 Berger_3
AmigaRobots V1.2. von Hanno Behrens © 12-Nov-93
Arena: Leer.rna
Roboteranzahl: 11
Runden Stop Munition Aufladen Schnell Vorpositionen
 50000   an     40        40    aus     an
 ID  Panzerung  Züge Treffer  Munition Name
  1+  200/ 200  2896      4P    0/  36 DickeBerta.rob
  2+  200/ 200  2896      4P    0/  36 DickeBerta.rob
  3-    0/ 100   868      6    40/  40 nop.rob
  4-    0/ 100  1935      2     9/  40 simple.rob
  5-    0/ 100  1011      1    20/  36 demo.rob
  6+  200/ 200  2896      1     0/  36 Blinker.rob
  7-    0/ 100   821      4    36/  36 Manowar.rob
  8-    0/ 100  1371      1    15/  36 MyDemo.rob
  9-    0/ 200   745     10    21/  36 Wolf.rob
 10-    0/ 150  1431      4     8/  36 Hinzi&Berger_1.rob
 11+  149/ 150  2896      0V    0/  36 Berger_3
AmigaRobots V1.2. von Hanno Behrens © 12-Nov-93
Arena: Battlefield.rna
Roboteranzahl: 7
Runden Stop Munition Aufladen Schnell Vorpositionen
 50000   an     40        40    aus    aus
 ID  Panzerung  Züge Treffer  Munition Name
  1+  198/ 200   265      4    30/  36 DickeBerta.rob
  2+  200/ 200   265      0V   30/  36 DickeBerta.rob
  3+  200/ 200   265      0V   31/  36 Blinker.rob
  4+  100/ 100   265      0V   30/  36 demo.rob
  5+  100/ 100   265      0V   35/  40 simple.rob
  6+  200/ 200   265      0V   30/  36 Thomas_20.rob
  7+  100/ 100   265      0V   40/  40 hase.rob
AmigaRobots V1.2. von Hanno Behrens © 12-Nov-93
Arena: Leer.rna
Roboteranzahl: 12
Runden Stop Munition Aufladen Schnell Vorpositionen
 50000   an     40        40    aus    aus
 ID  Panzerung  Züge Treffer  Munition Name
  1+  200/ 200   552      3    25/  36 DickeBerta.rob
  2+  200/ 200   552      0V   25/  36 DickeBerta.rob
  3-    0/ 100   409      1    32/  40 simple.rob
  4+   33/ 100   552      2    29/  36 demo.rob
  5+  200/ 200   552      4    25/  36 Blinker.rob
  6+   98/ 100   552      9    40/  40 hase.rob
  7+  196/ 200   552     10    25/  36 Thomas_20.rob
  8+   40/ 100   552      0V   36/  36 Manowar.rob
  9+  120/ 150   552      4    25/  36 Hinzi&Berger_1.rob
 10+  200/ 200   552      0V   25/  36 Wolf.rob
 11+   57/ 100   552      7    28/  36 MyDemo.rob
 12+  150/ 150   552      0V   25/  36 Berger_3
AmigaRobots V1.2. von Hanno Behrens © 12-Nov-93
Arena: Leer.rna
Roboteranzahl: 2
Runden Stop Munition Aufladen Schnell Vorpositionen
 50000   an     40        40    aus    aus
 ID  Panzerung  Züge Treffer  Munition Name
  1+  200/ 200  2965      0V    0/  36 DickeBerta.rob
  2+   76/ 100  2965      0V   40/  40 hase.rob
AmigaRobots V1.2. von Hanno Behrens © 12-Nov-93
Arena: Leer.rna
Roboteranzahl: 2
Runden Stop Munition Aufladen Schnell Vorpositionen
 50000   an     40        40    aus    aus
 ID  Panzerung  Züge Treffer  Munition Name
  1+  200/ 200  2543      0V    0/  36 DickeBerta.rob
  2+   21/ 100  2543      0V   40/  40 hase.rob
AmigaRobots V1.2. von Hanno Behrens © 12-Nov-93
Arena: leer.rna
Roboteranzahl: 6
Runden Stop Munition Aufladen Schnell Vorpositionen
 50000   an     40        40    aus    aus
 ID  Panzerung  Züge Treffer  Munition Name
  1-    0/ 100  1039      5    40/  40 hase.rob
  2+  200/ 200  6627      3     0/  36 DickeBerta.rob
  3-    0/ 200  5229      2     0/  36 Blinker.rob
  4-    0/ 100  1663      5     9/  36 demo.rob
  5-    0/ 100  2056      2     8/  40 simple.rob
  6+  200/ 200  6627      3     0/  36 DickeBerta.rob
AmigaRobots V1.2. von Hanno Behrens © 12-Nov-93
Arena: leer.rna
Roboteranzahl: 2
Runden Stop Munition Aufladen Schnell Vorpositionen
 50000   an     40        40    aus    aus
 ID  Panzerung  Züge Treffer  Munition Name
  1-    0/ 200  1111      2    13/  36 DickeBerta.rob
  2+  109/ 200  1112      1    14/  36 Thomas_20.rob
AmigaRobots V1.2. von Hanno Behrens © 12-Nov-93
Arena: leer.rna
Roboteranzahl: 19
Runden Stop Munition Aufladen Schnell Vorpositionen
 50000   an     40        40    aus    aus
 ID  Panzerung  Züge Treffer  Munition Name
  1-    0/ 100  2649     17     0/  36 MyDemo.rob
  2-    0/ 200   787     14    20/  36 Wolf.rob
  3-    0/ 100  9087     13    36/  36 Manowar.rob
  4-    0/ 100 10764     14    36/  36 Manowar.rob
  5-    0/ 150  5941     14     0/  36 Hinzi&Berger_1.rob
  6-    0/ 150  1792      7P    1/  36 Hinzi&Berger_1.rob
  7-    0/ 200  1713      6     1/  36 Wolf.rob
  8-    0/ 150  1438     14     7/  36 Berger_3
  9-    0/ 100  1688     14    36/  36 Manowar.rob
 10-    0/ 100  2610     14    36/  36 Manowar.rob
 11-    0/ 100  2046     17    40/  40 hase.rob
 12-    0/ 100   189     14    40/  40 nop.rob
 13+   18/ 100 38644     13     0/  40 simple.rob
 14-    0/ 200 38643     13     1/  36 DickeBerta.rob
 15-    0/  50  3877     14    40/  40 runner.rob
 16-    0/ 100  4724     14    40/  40 explorer.rob
 17-    0/ 100  5988     13     0/  36 demo.rob
 18-    0/ 200  1302      6    10/  36 Jaeger.rob
 19-    0/ 200 34803     13     1/  36 Blinker.rob
AmigaRobots V1.2. von Hanno Behrens © 12-Nov-93
Arena: Battlefield.rna
Roboteranzahl: 6
Runden Stop Munition Aufladen Schnell Vorpositionen
 50000   an     40        40    aus    aus
 ID  Panzerung  Züge Treffer  Munition Name
  1+  200/ 200  4268      0V    0/  36 Jaeger.rob
  2+  200/ 200  4268      3     0/  36 Blinker.rob
  3+   88/ 100  4268      0V    0/  36 demo.rob
  4+  200/ 200  4268      3     0/  36 DickeBerta.rob
  5+   78/ 100  4268      4    40/  40 hase.rob
  6-    0/ 100   789      0V   24/  40 simple.rob
AmigaRobots V1.2. von Hanno Behrens © 12-Nov-93
Arena: Leer.rna
Roboteranzahl: 9
Runden Stop Munition Aufladen Schnell Vorpositionen
 50000   an     40        40    aus    aus
 ID  Panzerung  Züge Treffer  Munition Name
  1-    0/ 100  1213      6    40/  40 hase.rob
  2+  200/ 200 15196      4     0/  36 Blinker.rob
  3-    0/ 100  4775      2     0/  36 demo.rob
  4+  200/ 200 15196      2     1/  36 DickeBerta.rob
  5-    0/ 100  1753      2    40/  40 explorer.rob
  6-    0/ 200  3624      2     0/  36 Jaeger.rob
  7-    0/ 100  1538      6    40/  40 nop.rob
  8-    0/  50  2245      3    40/  40 runner.rob
  9-    0/ 100   751      6    26/  40 simple.rob
AmigaRobots V1.2. von Hanno Behrens © 12-Nov-93
Arena: leer.rna
Roboteranzahl: 7
Runden Stop Munition Aufladen Schnell Vorpositionen
 50000   an     40        40    aus    aus
 ID  Panzerung  Züge Treffer  Munition Name
  1+  113/ 200   742      2    21/  36 DickeBerta.rob
  2+   27/ 100   742      2    22/  36 demo.rob
  3+   82/ 100   742      5    26/  40 simple.rob
  4+  200/ 200   742      0V   22/  36 Blinker.rob
  5+  192/ 200   742      4    21/  36 Thomas_20.rob
  6+   73/ 100   742      3    40/  40 hase.rob
  7+  200/ 200   742      0V   21/  36 Thomas_20.rob
AmigaRobots V1.2. von Hanno Behrens © 12-Nov-93
Arena: leer.rna
Roboteranzahl: 7
Runden Stop Munition Aufladen Schnell Vorpositionen
 50000   an     40        40    aus    aus
 ID  Panzerung  Züge Treffer  Munition Name
  1-    0/ 200  1096      7    14/  36 DickeBerta.rob
  2+    7/ 100  1391      7    13/  36 demo.rob
  3+   54/ 100  1391      7    15/  40 simple.rob
  4+  200/ 200  1391      0V    9/  36 Blinker.rob
  5+  192/ 200  1391      4     8/  36 Thomas_20.rob
  6-    0/ 100  1143      3    40/  40 hase.rob
  7+  153/ 200  1391      7     8/  36 Thomas_20.rob
AmigaRobots V1.2. von Hanno Behrens © 12-Nov-93
Arena: Battlefield.rna
Roboteranzahl: 2
Runden Stop Munition Aufladen Schnell Vorpositionen
 50000   an     40        40    aus    aus
 ID  Panzerung  Züge Treffer  Munition Name
  1+  200/ 200  3584      0V    0/  36 DickeBerta.rob
  2-    0/ 100  3583      0V   40/  40 hase.rob
AmigaRobots V1.2. von Hanno Behrens © 12-Nov-93
Arena: Battlefield.rna
Roboteranzahl: 2
Runden Stop Munition Aufladen Schnell Vorpositionen
 50000  aus     40        40    aus    aus
 ID  Panzerung  Züge Treffer  Munition Name
  1+  200/ 200 50000      0V    0/  36 DickeBerta.rob
  2-    0/ 100  3583      0V   40/  40 hase.rob
AmigaRobots V1.2. von Hanno Behrens © 12-Nov-93
Arena: leer.rna
Roboteranzahl: 5
Runden Stop Munition Aufladen Schnell Vorpositionen
 50000   an     40        40    aus    aus
 ID  Panzerung  Züge Treffer  Munition Name
  1+   26/ 200 10548      3     1/  36 Thomas_20.rob
  2-    0/ 200  6503      1     0/  36 Blinker.rob
  3-    0/ 200 10547      1     0/  36 DickeBerta.rob
  4-    0/ 100  1505      2    19/  36 demo.rob
  5-    0/ 100  3951      1     2/  40 simple.rob
AmigaRobots V1.2. von Hanno Behrens © 12-Nov-93
Arena: Battlefield.rna
Roboteranzahl: 5
Runden Stop Munition Aufladen Schnell Vorpositionen
 50000   an     40        40    aus    aus
 ID  Panzerung  Züge Treffer  Munition Name
  1+  107/ 200  1360      4    10/  36 Blinker.rob
  2+  100/ 100  1360      0V   11/  36 demo.rob
  3+  100/ 100  1360      0V   15/  40 simple.rob
  4+  200/ 200  1360      0V    8/  36 DickeBerta.rob
  5+  150/ 200  1360      0V    9/  36 Thomas_20.rob
AmigaRobots V1.2. von Hanno Behrens © 12-Nov-93
Arena: Leer.rna
Roboteranzahl: 7
Runden Stop Munition Aufladen Schnell Vorpositionen
 50000   an     40        40    aus    aus
 ID  Panzerung  Züge Treffer  Munition Name
  1+  200/ 200 11827      1     1/  36 DickeBerta.rob
  2-    0/ 100  2054      1     7/  40 simple.rob
  3+  200/ 200 11827      1     1/  36 Blinker.rob
  4-    0/ 100   724      1    23/  36 demo.rob
  5-    0/ 150  1426      6     8/  36 Hinzi&Berger_1.rob
  6+  153/ 200 11827      0V    1/  36 Thomas_20.rob
  7+    1/ 100 11827      0V   40/  40 hase.rob
AmigaRobots V1.2. von Hanno Behrens © 12-Nov-93
Arena: leer.rna
Roboteranzahl: 4
Runden Stop Munition Aufladen Schnell Vorpositionen
 50000   an     40        40    aus    aus
 ID  Panzerung  Züge Treffer  Munition Name
  1+  121/ 200  1206      4P   13/  36 DickeBerta.rob
  2+  200/ 200  1206      4    13/  36 DickeBerta.rob
  3-    0/ 100   425      1    33/  36 demo.rob
  4-    0/ 100   953      2    35/  40 simple.rob
AmigaRobots V1.2. von Hanno Behrens © 12-Nov-93
Arena: leer.rna
Roboteranzahl: 4
Runden Stop Munition Aufladen Schnell Vorpositionen
 50000   an     40        40    aus    aus
 ID  Panzerung  Züge Treffer  Munition Name
  1+  174/ 200  1865      4P   13/  36 DickeBerta.rob
  2+  200/ 200  1865      4    13/  36 DickeBerta.rob
  3-    0/ 100   425      1    33/  36 demo.rob
  4-    0/ 100   953      2    35/  40 simple.rob
AmigaRobots V1.2. von Hanno Behrens © 12-Nov-93
Arena: leer.rna
Roboteranzahl: 2
Runden Stop Munition Aufladen Schnell Vorpositionen
 50000   an     40        40    aus    aus
 ID  Panzerung  Züge Treffer  Munition Name
  1+  200/ 200  1671      0V    2/  36 DickeBerta.rob
  2-    0/ 100  1670      1    40/  40 hase.rob
AmigaRobots V1.2. von Hanno Behrens © 12-Nov-93
Arena: Battlefield.rna
Roboteranzahl: 7
Runden Stop Munition Aufladen Schnell Vorpositionen
 50000   an     40        40    aus    aus
 ID  Panzerung  Züge Treffer  Munition Name
  1-    0/ 200  3317      6     0/  36 Blinker.rob
  2-    0/ 100  1408      3    15/  36 demo.rob
  3+  168/ 200  6718      6P    0/  36 DickeBerta.rob
  4-    0/ 100  1174      2    40/  40 hase.rob
  5-    0/ 100  1402      1    15/  40 simple.rob
  6-    0/ 200  5703      7     1/  36 Thomas_20.rob
  7+  200/ 200  6718      6     0/  36 DickeBerta.rob
AmigaRobots V1.2. von Hanno Behrens © 12-Nov-93
Arena: leer.rna
Roboteranzahl: 4
Runden Stop Munition Aufladen Schnell Vorpositionen
 50000   an     40        40    aus    aus
 ID  Panzerung  Züge Treffer  Munition Name
  1+  200/ 200  1628      3     9/  36 DickeBerta.rob
  2+  200/ 200  1628      3P    8/  36 DickeBerta.rob
  3-    0/ 100  1171      1    20/  36 demo.rob
  4-    0/ 100   333      1    35/  40 simple.rob
AmigaRobots V1.2. von Hanno Behrens © 12-Nov-93
Arena: leer.rna
Roboteranzahl: 4
Runden Stop Munition Aufladen Schnell Vorpositionen
 50000   an     40        40    aus    aus
 ID  Panzerung  Züge Treffer  Munition Name
  1+  200/ 200  1741      3     9/  36 DickeBerta.rob
  2+  200/ 200  1741      3P    8/  36 DickeBerta.rob
  3-    0/ 100  1171      1    20/  36 demo.rob
  4-    0/ 100   333      1    35/  40 simple.rob
AmigaRobots V1.2. von Hanno Behrens © 12-Nov-93
Arena: leer.rna
Roboteranzahl: 6
Runden Stop Munition Aufladen Schnell Vorpositionen
 50000   an     40        40    aus    AmigaRobots V1.2. von Hanno Behrens © 12-Nov-93
Arena: Leer.rna
Roboteranzahl: 4
Runden Stop Munition Aufladen Schnell Vorpositionen
 50000   an     40        40    aus    aus
 ID  Panzerung  Züge Treffer  Munition Name
  1+  200/ 200  4870      4P    0/  36 DickeBerta.rob
  2+  200/ 200  4870      0V    0/  36 DickeBerta.rob
  3-    0/ 100  1755      2    26/  40 simple.rob
  4-    0/ 100  1289      3    18/  36 demo.rob
AmigaRobots V1.2. von Hanno Behrens © 12-Nov-93
Arena: Leer.rna
Roboteranzahl: 2
Runden Stop Munition Aufladen Schnell Vorpositionen
 50000   an     40        40    aus    aus
 ID  Panzerung  Züge Treffer  Munition Name
  1+  200/ 200  3965      0V    0/  36 DickeBerta.rob
  2-    0/ 100  3964      0V   40/  40 hase.rob
AmigaRobots V1.2. von Hanno Behrens © 12-Nov-93
Arena: leer.rna
Roboteranzahl: 5
Runden Stop Munition Aufladen Schnell Vorpositionen
 50000   an     40        40    aus    aus
 ID  Panzerung  Züge Treffer  Munition Name
  1+  200/ 200  6870      4P    0/  36 DickeBerta.rob
  2+  200/ 200  6870      4     0/  36 DickeBerta.rob
  3-    0/ 100   480      1    30/  40 simple.rob
  4-    0/ 100  6209      2    19/  36 demo.rob
  5-    0/ 100   641      3P   40/  40 hase.rob
AmigaRobots V1.2. von Hanno Behrens © 12-Nov-93
Arena: leer.rna
Roboteranzahl: 6
Runden Stop Munition Aufladen Schnell Vorpositionen
 50000   an     40        40    aus    aus
 ID  Panzerung  Züge Treffer  Munition Name
  1-    0/ 200  7499      2     0/  36 Blinker.rob
  2+  200/ 200 10823      1     0/  36 DickeBerta.rob
  3+  200/ 200 10823      1     0/  36 DickeBerta.rob
  4-    0/ 100  2795      3     1/  40 simple.rob
  5-    0/ 100  2308      3     0/  36 demo.rob
  6-    0/ 100  1888      4    40/  40 hase.rob
AmigaRobots V1.2. von Hanno Behrens © 12-Nov-93
Arena: leer.rna
Roboteranzahl: 2
Runden Stop Munition Aufladen Schnell Vorpositionen
 50000   an     40        40    aus    aus
 ID  Panzerung  Züge Treffer  Munition Name
  1+  154/ 200  7223      0V    1/  36 Thomas_20.rob
  2-    0/ 200  7222      1     1/  36 DickeBerta.rob
AmigaRobots V1.2. von Hanno Behrens © 12-Nov-93
Arena: leer.rna
Roboteranzahl: 5
Runden Stop Munition Aufladen Schnell Vorpositionen
 50000   an     40        40    aus    aus
 ID  Panzerung  Züge Treffer  Munition Name
  1-    0/ 100   663      3    28/  40 simple.rob
  2-    0/ 100  7195      3     0/  36 demo.rob
  3+  200/ 200  7196      3     0/  36 DickeBerta.rob
  4-    0/ 100  1569      3     9/  40 simple.rob
  5-    0/ 100  1996      3     2/  36 demo.rob
AmigaRobots V1.2. von Hanno Behrens © 12-Nov-93
Arena: leer.rna
Roboteranzahl: 5
Runden Stop Munition Aufladen Schnell Vorpositionen
 50000  aus     40        40    aus    aus
 ID  Panzerung  Züge Treffer  Munition Name
  1-    0/ 100   663      3    28/  40 simple.rob
  2-    0/ 100  7195      3     0/  36 demo.rob
  3+  200/ 200  7360      3     0/  36 DickeBerta.rob
  4-    0/ 100  1569      3     9/  40 simple.rob
  5-    0/ 100  1996      3     2/  36 demo.rob
AmigaRobots V1.2. von Hanno Behrens © 12-Nov-93
Arena: leer.rna
Roboteranzahl: 4
Runden Stop Munition Aufladen Schnell Vorpositionen
 50000  aus     40         0    aus    aus
 ID  Panzerung  Züge Treffer  Munition Name
  1+   55/ 200 10512      4     0/  20 DickeBerta.rob
  2-    0/ 100  1546      1     0/  20 demo.rob
  3-    0/ 100  1227      4    25/  40 simple.rob
  4+  150/ 200 10512      0V    0/  20 Thomas_20.rob
AmigaRobots V1.2. von Hanno Behrens © 12-Nov-93
Arena: leer.rna
Roboteranzahl: 16
Runden Stop Munition Aufladen Schnell Vorpositionen
 50000   an     40        40    aus    aus
 ID  Panzerung  Züge Treffer  Munition Name
  1-    0/ 200  8753      4     0/  36 Blinker.rob
  2-    0/ 200  8506      1     0/  36 Blinker.rob
  3-    0/ 100  5285      1     1/  36 demo.rob
  4+   78/ 200  8754      4     0/  36 DickeBerta.rob
  5-    0/ 100   437      4    40/  40 explorer.rob
  6-    0/ 100   931     10    40/  40 hase.rob
  7-    0/ 200  2297     10     0/  36 Jaeger.rob
  8-    0/ 100  1946      2    40/  40 nop.rob
  9-    0/  50  1350      4    40/  40 runner.rob
 10-    0/ 100  4032      2     1/  40 simple.rob
 11-    0/ 100  4497      1    34/  40 tester.rob
 12-    0/ 200  8140      1     1/  36 Thomas_20.rob
 13-    0/ 150  1355     10    10/  36 Hinzi&Berger_1.rob
 14-    0/ 100  4249      1    36/  36 Manowar.rob
 15-    0/ 150  8383      1     0/  36 Berger_3
 16-    0/ 200  1694      4     2/  36 Wolf.rob
AmigaRobots V1.2. von Hanno Behrens © 12-Nov-93
Arena: Battlefield.rna
Roboteranzahl: 4
Runden Stop Munition Aufladen Schnell Vorpositionen
 50000   an     40        40    aus    aus
 ID  Panzerung  Züge Treffer  Munition Name
  1+  133/ 200  2928      2     0/  36 Blinker.rob
  2-    0/ 200  2927      0V    0/  36 DickeBerta.rob
  3-    0/ 100  2292      2    40/  40 hase.rob
  4-    0/  50   828      1    40/  40 runner.rob
AmigaRobots V1.2. von Hanno Behrens © 12-Nov-93
Arena: Wald.rna
Roboteranzahl: 18
Runden Stop Munition Aufladen Schnell Vorpositionen
 50000   an     40        40    aus    aus
 ID  Panzerung  Züge Treffer  Munition Name
  2-    0/ 200  7440     20     0/  20 Jaeger.rob
 10+  111/ 200  8676     11     0/  20 DickeBerta.rob
 11+  135/ 200  8676     11     0/  20 DickeBerta.rob
 12+  179/ 200  8676     11     0/  20 DickeBerta.rob
 13-    0/ 200  8172     11     0/  20 DickeBerta.rob
 14-    0/ 200  8267     12     0/  20 DickeBerta.rob
 15-    0/ 100   546      2    30/  40 simple.rob
 16-    0/ 100  6392     14    40/  40 hase.rob
 17-    0/ 100   413     10    14/  20 demo.rob
 18-    0/ 200  2814     11     1/  20 Thomas_20.rob
 19-    0/ 200   679     12     7/  20 Blinker.rob
 20-    0/ 200  8085     11     0/  20 Blinker.rob
 21-    0/ 200  2500     10     0/  20 Blinker.rob
 22+  200/ 200  8676      0V    0/  20 Jaeger.rob
 23-    0/ 200  8141     13     0/  20 Jaeger.rob
 24+   76/ 200  8676     11     0/  20 Jaeger.rob
 25+  168/ 200  8676     11     0/  20 Jaeger.rob
 26+  188/ 200  8676     13     0/  20 Jaeger.rob
AmigaRobots V1.2. von Hanno Behrens © 12-Nov-93
Arena: leer.rna
Roboteranzahl: 2
Runden Stop Munition Aufladen Schnell Vorpositionen
 50000   an     40        40    aus    aus
 ID  Panzerung  Züge Treffer  Munition Name
  1+   50/ 100  5297      2     0/  36 demo.rob
  2+   68/ 100  5297      1     1/  40 simple.rob
AmigaRobots V1.2. von Hanno Behrens © 12-Nov-93
Arena: leer.rna
Roboteranzahl: 5
Runden Stop Munition Aufladen Schnell Vorpositionen
 50000   an     40        40    aus    aus
 ID  Panzerung  Züge Treffer  Munition Name
  1+  168/ 200  4710      3     0/  36 Blinker.rob
  2-    0/ 100  4394      1     0/  36 demo.rob
  3-    0/ 200  4709      1     0/  36 DickeBerta.rob
  4-    0/ 100  1065      2    40/  40 explorer.rob
  5-    0/ 100   651      3    40/  40 hase.rob
AmigaRobots V1.2. von Hanno Behrens © 12-Nov-93
Arena: leer.rna
Roboteranzahl: 9
Runden Stop Munition Aufladen Schnell Vorpositionen
 50000   an     40        40    aus    aus
 ID  Panzerung  Züge Treffer  Munition Name
  1+  148/ 200 27049      2     0/  36 Blinker.rob
  2-    0/ 100 27048      1     0/  36 demo.rob
  3-    0/ 200  1966      1     0/  36 DickeBerta.rob
  4-    0/ 100 13716      2    40/  40 explorer.rob
  5-    0/ 100  5814      9    40/  40 hase.rob
  6-    0/ 200  3514      2     0/  36 Jaeger.rob
  7-    0/ 100  1892      9    40/  40 nop.rob
  8-    0/  50   331      6    40/  40 runner.rob
  9-    0/ 100  7077      1     1/  40 simple.rob
AmigaRobots V1.2. von Hanno Behrens © 12-Nov-93
Arena: leer.rna
Roboteranzahl: 12
Runden Stop Munition Aufladen Schnell Vorpositionen
 50000   an     40        40    aus    aus
 ID  Panzerung  Züge Treffer  Munition Name
  1-    0/ 200  3287      1     0/  36 Blinker.rob
  2-    0/ 100  1377      9    16/  36 demo.rob
  3+  200/ 200 23346      1P    1/  36 DickeBerta.rob
  4-    0/ 100  2544      1     1/  40 simple.rob
  5+  200/ 200 23346      1     0/  36 DickeBerta.rob
  6-    0/ 200  3287      1     1/  36 Thomas_20.rob
  7-    0/ 150  1600      6     5/  36 Hinzi&Berger_1.rob
  8-    0/ 100  1012      2    36/  36 Manowar.rob
  9-    0/ 100  2552      6     4/  36 MyDemo.rob
 10-    0/ 200   435      5    27/  36 Wolf.rob
 11-    0/ 150 17468      5     0/  36 Berger_3
 12-    0/ 100   225     11    35/  40 tester.rob
AmigaRobots V1.2. von Hanno Behrens © 12-Nov-93
Arena: leer.rna
Roboteranzahl: 11
Runden Stop Munition Aufladen Schnell Vorpositionen
 50000   an     40        40    aus    aus
 ID  Panzerung  Züge Treffer  Munition Name
  1-    0/ 200  6131      4     0/  36 Nexus.ROB
  2-    0/ 200  4385      5     1/  36 Thomas_20.rob
  3+  200/ 200 13958      4     0/  36 Blinker.rob
  4-    0/ 100 13957      3     0/  36 demo.rob
  5-    0/ 200  5879      3     0/  36 DickeBerta.rob
  6-    0/ 100   321      5    34/  40 simple.rob
  7-    0/ 150  5695      3     0/  36 Hinzi&Berger_1.rob
  8-    0/ 100  1221      5    36/  36 Manowar.rob
  9-    0/ 100  4661      4     0/  36 MyDemo.rob
 10-    0/ 200   990      1    16/  36 Wolf.rob
 11-    0/ 150 13079      4     0/  36 Berger_3
AmigaRobots V1.2. von Hanno Behrens © 12-Nov-93
Arena: leer.rna
Roboteranzahl: 12
Runden Stop Munition Aufladen Schnell Vorpositionen
 50000   an     40        40    aus    aus
 ID  Panzerung  Züge Treffer  Munition Name
  1-    0/ 150   533     10    25/  36 Hinzi&Berger_1.rob
  2-    0/ 100  1949      8    36/  36 Manowar.rob
  3-    0/ 100  2509      6     0/  36 MyDemo.rob
  4-    0/ 200   396      6    28/  36 Wolf.rob
  5-    0/ 150  1013      8    16/  36 Berger_3
  6+   78/ 200  5893      8     0/  36 Nexus.ROB
  7+  153/ 200  5893      8     1/  36 Thomas_20.rob
  8+   43/ 200  5893      7     0/  36 Blinker.rob
  9-    0/ 100  1282      5P   13/  36 demo.rob
 10-    0/ 200  1560     12     5/  36 DickeBerta.rob
 11-    0/ 100  1355     10    40/  40 explorer.rob
 12-    0/ 100  2669      7     0/  40 simple.rob
AmigaRobots V1.2. von Hanno Behrens © 12-Nov-93
Arena: leer.rna
Roboteranzahl: 12
Runden Stop Munition Aufladen Schnell Vorpositionen
 50000   an     40        40    aus    aus
 ID  Panzerung  Züge Treffer  Munition Name
  1-    0/ 150   533     10    25/  36 Hinzi&Berger_1.rob
  2-    0/ 100  1949      8    36/  36 Manowar.rob
  3-    0/ 100  2509      6     0/  36 MyDemo.rob
  4-    0/ 200   396      6    28/  36 Wolf.rob
  5-    0/ 150  1013      8    16/  36 Berger_3
  6+   70/ 200  6026      8     0/  36 Nexus.ROB
  7+  153/ 200  6026      8     1/  36 Thomas_20.rob
  8+   46/ 200  6026      7     0/  36 Blinker.rob
  9-    0/ 100  1282      5P   13/  36 demo.rob
 10-    0/ 200  1560     12     5/  36 DickeBerta.rob
 11-    0/ 100  1355     10    40/  40 explorer.rob
 12-    0/ 100  2669      7     0/  40 simple.rob
AmigaRobots V1.2. von Hanno Behrens © 12-Nov-93
Arena: leer.rna
Roboteranzahl: 2
Runden Stop Munition Aufladen Schnell Vorpositionen
 50000   an     40        40    aus    aus
 ID  Panzerung  Züge Treffer  Munition Name
  1+  176/ 200  3424      2     3/  36 Nexus.ROB
  2-    0/ 200  3423      1     1/  36 Thomas_20.rob
AmigaRobots V1.2. von Hanno Behrens © 12-Nov-93
Arena: leer.rna
Roboteranzahl: 2
Runden Stop Munition Aufladen Schnell Vorpositionen
 50000   an     40        40    aus    aus
 ID  Panzerung  Züge Treffer  Munition Name
  1+  162/ 200  1785      2     1/  36 Nexus.ROB
  2-    0/ 200  1784      1     0/  36 DickeBerta.rob
AmigaRobots V1.2. von Hanno Behrens © 12-Nov-93
Arena: leer.rna
Roboteranzahl: 2
Runden Stop Munition Aufladen Schnell Vorpositionen
 50000   an     40        40    aus    aus
 ID  Panzerung  Züge Treffer  Munition Name
  1-    0/ 150   781      2    22/  36 Berger_3
  2+  198/ 200   782      1    21/  36 Nexus.ROB
AmigaRobots V1.2. von Hanno Behrens © 12-Nov-93
Arena: leer.rna
Roboteranzahl: 5
Runden Stop Munition Aufladen Schnell Vorpositionen
 50000   an     40        40    aus    aus
 ID  Panzerung  Züge Treffer  Munition Name
  1+  200/ 200  4075      0V   35/  36 Nexus.ROB
  2-    0/ 150  3528      1     0/  36 Hinzi&Berger_1.rob
  3-    0/ 100  1562      2    36/  36 Manowar.rob
  4-    0/ 100  4074      1     0/  36 MyDemo.rob
  5-    0/ 200   842      2    22/  36 Wolf.rob
AmigaRobots V1.2. von Hanno Behrens © 12-Nov-93
Arena: leer.rna
Roboteranzahl: 3
Runden Stop Munition Aufladen Schnell Vorpositionen
 50000   an     40        40    aus    aus
 ID  Panzerung  Züge Treffer  Munition Name
  1-    0/ 200  3509      3     0/  36 Nexus.ROB
  2+  200/ 200  4032      1     0/  36 DickeBerta.rob
  3+  169/ 200  4032      1     0/  36 DickeBerta.rob
AmigaRobots V1.2. von Hanno Behrens © 12-Nov-93
Arena: leer.rna
Roboteranzahl: 6
Runden Stop Munition Aufladen Schnell Vorpositionen
 50000   an     40        40    aus    aus
 ID  Panzerung  Züge Treffer  Munition Name
  1-    0/ 200  1767      3     0/  36 DickeBerta.rob
  2-    0/ 200   889      5    18/  36 DickeBerta.rob
  3+   35/ 200  6010      6     0/  36 Nexus.ROB
  4-    0/ 200  2258      6     1/  36 Thomas_20.rob
  5+  154/ 200  6010      6     0/  36 Nexus.ROB
  6+  183/ 200  6010      0V    1/  36 Thomas_20.rob
AmigaRobots V1.3.6ß von Hanno Behrens © 26-Jun-95
Arena: leer.rna
Roboteranzahl: 5
Runden Stop Munition Aufladen Schnell Vorpositionen
 50000   an     40        40    aus    aus
 ID  Panzerung  Züge Treffer  Munition Name
  1-    0/ 200  4952      4     0/  36 Blinker.rob
  2-    0/ 100  1746      1    25/  36 demo.rob
  3-    0/ 200   566      4    24/  36 DickeBerta.rob
  4+  164/ 200  4953      1     2/  36 Nexus.ROB
  5-    0/ 200  2856      4     1/  36 Thomas_20.rob
AmigaRobots V1.3.6ß von Hanno Behrens © 26-Jun-95
Arena: leer.rna
Roboteranzahl: 9
Runden Stop Munition Aufladen Schnell Vorpositionen
 50000   an     40        40    aus    aus
 ID  Panzerung  Züge Treffer  Munition Name
  1-    0/ 200  4852      4     1/  36 Thomas_20.rob
  2-    0/ 200  1737      4     1/  36 Thomas_20.rob
  3-    0/ 200  2762      6     1/  36 Thomas_20.rob
  4+  159/ 200 10286      0V    2/  36 Nexus.ROB
  5+   93/ 200 10286      0V    2/  36 Nexus.ROB
  6+  197/ 200 10286      0V    2/  36 Nexus.ROB
  7-    0/ 200   807      6    20/  36 DickeBerta.rob
  8-    0/ 200   512      4    25/  36 DickeBerta.rob
  9-    0/ 200   500      5    26/  36 DickeBerta.rob
AmigaRobots V1.3.6ß von Hanno Behrens © 26-Jun-95
Arena: leer.rna
Roboteranzahl: 2
Runden Stop Munition Aufladen Schnell Vorpositionen
 50000   an     40        40    aus    aus
 ID  Panzerung  Züge Treffer  Munition Name
  1+  136/ 200  4177      2     2/  36 Nexus.ROB
  2-    0/ 200  4176      1     1/  36 Thomas_20.rob
AmigaRobots V1.3.7ß von Hanno Behrens © 06-Jul-95
Arena: leer.rna
Roboteranzahl: 4
Runden Stop Munition Aufladen Schnell Vorpositionen
 50000   an     40        40    aus    aus
 ID  Panzerung  Züge Treffer  Munition Name
  1-    0/ 100   710      2    25/  40 tester.rob
  2+  200/ 200  4328      4     8/  36 Blinker.rob
  3-    0/ 100  1750      2    14/  36 demo.rob
  4+  200/ 200  4328      2     0/  36 DickeBerta.rob
AmigaRobots V1.3.8ß von Hanno Behrens © 06-Jul-95
Arena: leer.rna
Roboteranzahl: 10
Runden Stop Munition Aufladen Schnell Vorpositionen
 50000   an     40        40    aus    aus
 ID  Panzerung  Züge Treffer  Munition Name
  1-    0/ 200  2338      2     0/  36 Jaeger.rob
  2-    0/ 200  7213     10     0/  36 Blinker.rob
  3-    0/ 100  2582      6     0/  36 demo.rob
  4-    0/ 100  1187     10    40/  40 explorer.rob
  5-    0/  50   335      1    40/  40 runner.rob
  6-    0/ 200  4849      2     0/  36