AmigaRobots V1.1.32ß von Hanno Behrens © 04-Aug-93
Arena: 
Roboteranzahl: 6
Runden Stop Munition Aufladen Schnell Vorpositionen
  5000   an   1000        40     an    aus
 ID  Panzerung  Züge Treffer  Munition Name
  1-    0/ 200   855      3   883/ 900 dickeberta.rob
  2-    0/  50   526      1  1000/1000 runner.rob
  3+  150/ 150  5000      5   802/ 900 Berger_3
  4+   66/ 100  5000      5   833/ 900 demo.rob
  5+   26/ 100  5000      3   908/1000 simple.rob
  6-    0/ 200  3804      4   827/ 900 blinker.rob
AmigaRobots V1.1.32ß von Hanno Behrens © 04-Aug-93
Arena: 
Roboteranzahl: 6
Runden Stop Munition Aufladen Schnell Vorpositionen
  5000   an   1000        40     an    aus
 ID  Panzerung  Züge Treffer  Munition Name
  1-    0/ 200   577      3P  888/ 900 dickeberta.rob
  2-    0/  50   698      5  1000/1000 runner.rob
  3-    0/ 150   567      1   889/ 900 Berger_3
  4-    0/ 100  2015      6   879/ 900 demo.rob
  5-    0/ 100  1375      4   980/1000 simple.rob
  6+  200/ 200  2016      0V  862/ 900 blinker.rob
AmigaRobots V1.1.32ß von Hanno Behrens © 04-Aug-93
Arena: 
Roboteranzahl: 6
Runden Stop Munition Aufladen Schnell Vorpositionen
  5000   an   1000        40     an    aus
 ID  Panzerung  Züge Treffer  Munition Name
  1+  200/ 200  5000      5P  800/ 900 dickeberta.rob
  2-    0/  50  1154      5  1000/1000 runner.rob
  3+   57/ 150  5000      1   802/ 900 Berger_3
  4-    0/ 100  2410      3   862/ 900 demo.rob
  5-    0/ 100  3689      1   957/1000 simple.rob
  6-    0/ 200  1879      1   865/ 900 blinker.rob
AmigaRobots V1.1.32ß von Hanno Behrens © 04-Aug-93
Arena: 
Roboteranzahl: 6
Runden Stop Munition Aufladen Schnell Vorpositionen
  5000   an   1000        40     an    aus
 ID  Panzerung  Züge Treffer  Munition Name
  1-    0/ 200  1846      3   863/ 900 dickeberta.rob
  2-    0/  50   431      5  1000/1000 runner.rob
  3-    0/ 150  2202      4   857/ 900 Berger_3
  4-    0/ 100  3790      6   849/ 900 demo.rob
  5-    0/ 100  1398      4   979/1000 simple.rob
  6+  115/ 200  3791      4   843/ 900 blinker.rob
AmigaRobots V1.1.32ß von Hanno Behrens © 04-Aug-93
Arena: 
Roboteranzahl: 6
Runden Stop Munition Aufladen Schnell Vorpositionen
  5000   an   1000        40     an    aus
 ID  Panzerung  Züge Treffer  Munition Name
  1+  200/ 200  5000      4   800/ 900 dickeberta.rob
  2-    0/  50   391      5  1000/1000 runner.rob
  3+  122/ 150  5000      1   802/ 900 Berger_3
  4-    0/ 100  4978      1   834/ 900 demo.rob
  5-    0/ 100  2469      1   958/1000 simple.rob
  6-    0/ 200  1735      1   866/ 900 blinker.rob
AmigaRobots V1.1.32ß von Hanno Behrens © 04-Aug-93
Arena: 
Roboteranzahl: 6
Runden Stop Munition Aufladen Schnell Vorpositionen
  5000   an   1000        40     an    aus
 ID  Panzerung  Züge Treffer  Munition Name
  1+  200/ 200  4261      6   815/ 900 dickeberta.rob
  2-    0/  50  1221      4  1000/1000 runner.rob
  3-    0/ 150  2419      4   852/ 900 Berger_3
  4-    0/ 100  4260      1   841/ 900 demo.rob
  5-    0/ 100   527      1   990/1000 simple.rob
  6-    0/ 200  3546      1   844/ 900 blinker.rob
AmigaRobots V1.1.32ß von Hanno Behrens © 04-Aug-93
Arena: 
Roboteranzahl: 6
Runden Stop Munition Aufladen Schnell Vorpositionen
  5000   an   1000        40     an    aus
 ID  Panzerung  Züge Treffer  Munition Name
  1+  200/ 200  5000      6   806/ 900 dickeberta.rob
  2-    0/  50   892      5  1000/1000 runner.rob
  3-    0/ 150  4125      6   819/ 900 Berger_3
  4-    0/ 100  1936      1   869/ 900 demo.rob
  5-    0/ 100  2424      1   968/1000 simple.rob
  6+  200/ 200  5000      1   836/ 900 blinker.rob
AmigaRobots V1.1.32ß von Hanno Behrens © 04-Aug-93
Arena: 
Roboteranzahl: 6
Runden Stop Munition Aufladen Schnell Vorpositionen
  5000   an   1000        40     an    aus
 ID  Panzerung  Züge Treffer  Munition Name
  1+  200/ 200  5000      6   800/ 900 dickeberta.rob
  2-    0/  50   624      5  1000/1000 runner.rob
  3+   39/ 150  5000      6   802/ 900 Berger_3
  4-    0/ 100  1762      1   873/ 900 demo.rob
  5-    0/ 100   815      1   985/1000 simple.rob
  6+    9/ 200  5000      1   844/ 900 blinker.rob
AmigaRobots V1.1.32ß von Hanno Behrens © 04-Aug-93
Arena: 
Roboteranzahl: 6
Runden Stop Munition Aufladen Schnell Vorpositionen
  5000   an   1000        40     an    aus
 ID  Panzerung  Züge Treffer  Munition Name
  1+  200/ 200  5000      6   800/ 900 dickeberta.rob
  2-    0/  50  1759      6  1000/1000 runner.rob
  3-    0/ 150  3501      1   831/ 900 Berger_3
  4-    0/ 100   698      1   888/ 900 demo.rob
  5-    0/ 100  1366      1   975/1000 simple.rob
  6+  200/ 200  5000      1   852/ 900 blinker.rob
AmigaRobots V1.1.32ß von Hanno Behrens © 04-Aug-93
Arena: 
Roboteranzahl: 6
Runden Stop Munition Aufladen Schnell Vorpositionen
  5000   an   1000        40     an    aus
 ID  Panzerung  Züge Treffer  Munition Name
  1+  200/ 200  5000      6   801/ 900 dickeberta.rob
  2-    0/  50   743      3  1000/1000 runner.rob
  3-    0/ 150  4568      1   810/ 900 Berger_3
  4-    0/ 100  1895      1   869/ 900 demo.rob
  5-    0/ 100   682      1   988/1000 simple.rob
  6+  200/ 200  5000      1   844/ 900 blinker.rob
AmigaRobots V1.1.32ß von Hanno Behrens © 04-Aug-93
Arena: 
Roboteranzahl: 6
Runden Stop Munition Aufladen Schnell Vorpositionen
  5000   an   1000        40     an    aus
 ID  Panzerung  Züge Treffer  Munition Name
  1-    0/ 200   915      3   882/ 900 dickeberta.rob
  2-    0/  50   425      3  1000/1000 runner.rob
  3+  143/ 150  5000      5   802/ 900 Berger_3
  4-    0/ 100   915      5   885/ 900 demo.rob
  5+   62/ 100  5000      6   941/1000 simple.rob
  6+  200/ 200  5000      5   806/ 900 blinker.rob
AmigaRobots V1.1.32ß von Hanno Behrens © 04-Aug-93
Arena: 
Roboteranzahl: 6
Runden Stop Munition Aufladen Schnell Vorpositionen
  5000   an   1000        40     an    aus
 ID  Panzerung  Züge Treffer  Munition Name
  1+  200/ 200  5000      6   800/ 900 dickeberta.rob
  2-    0/  50  1070      5  1000/1000 runner.rob
  3+   50/ 150  5000      6   802/ 900 Berger_3
  4-    0/ 100  1567      5   876/ 900 demo.rob
  5-    0/ 100  3274      6   957/1000 simple.rob
  6+   69/ 200  5000      1   820/ 900 blinker.rob
AmigaRobots V1.1.32ß von Hanno Behrens © 04-Aug-93
Arena: 
Roboteranzahl: 6
Runden Stop Munition Aufladen Schnell Vorpositionen
  5000   an   1000        40     an    aus
 ID  Panzerung  Züge Treffer  Munition Name
  1+  200/ 200  5000      6   800/ 900 dickeberta.rob
  2-    0/  50   903      4  1000/1000 runner.rob
  3-    0/ 150  1428      4   872/ 900 Berger_3
  4-    0/ 100  2915      1   868/ 900 demo.rob
  5-    0/ 100   619      1   988/1000 simple.rob
  6+   98/ 200  5000      1   859/ 900 blinker.rob
AmigaRobots V1.1.32ß von Hanno Behrens © 04-Aug-93
Arena: 
Roboteranzahl: 6
Runden Stop Munition Aufladen Schnell Vorpositionen
  5000   an   1000        40     an    aus
 ID  Panzerung  Züge Treffer  Munition Name
  1+  200/ 200  5000      5   800/ 900 dickeberta.rob
  2-    0/  50   990      5  1000/1000 runner.rob
  3-    0/ 150  1433      1   872/ 900 Berger_3
  4-    0/ 100   461      3   895/ 900 demo.rob
  5-    0/ 100  4880      1   953/1000 simple.rob
  6+  200/ 200  5000      5   809/ 900 blinker.rob
AmigaRobots V1.1.32ß von Hanno Behrens © 04-Aug-93
Arena: 
Roboteranzahl: 6
Runden Stop Munition Aufladen Schnell Vorpositionen
  5000   an   1000        40     an    aus
 ID  Panzerung  Züge Treffer  Munition Name
  1+  200/ 200  5000      6   800/ 900 dickeberta.rob
  2-    0/  50   346      1  1000/1000 runner.rob
  3-    0/ 150  1036      4   880/ 900 Berger_3
  4-    0/ 100  2501      6   868/ 900 demo.rob
  5-    0/ 100  1768      1   969/1000 simple.rob
  6+   32/ 200  5000      1   857/ 900 blinker.rob
AmigaRobots V1.1.32ß von Hanno Behrens © 04-Aug-93
Arena: 
Roboteranzahl: 6
Runden Stop Munition Aufladen Schnell Vorpositionen
  5000   an   1000        40     an    aus
 ID  Panzerung  Züge Treffer  Munition Name
  1+  200/ 200  5000      6   801/ 900 dickeberta.rob
  2-    0/  50   391      5  1000/1000 runner.rob
  3+  109/ 150  5000      1   802/ 900 Berger_3
  4-    0/ 100  1123      5   881/ 900 demo.rob
  5-    0/ 100  1747      1   978/1000 simple.rob
  6-    0/ 200  2805      1   855/ 900 blinker.rob
AmigaRobots V1.1.32ß von Hanno Behrens © 04-Aug-93
Arena: 
Roboteranzahl: 6
Runden Stop Munition Aufladen Schnell Vorpositionen
  5000   an   1000        40     an    aus
 ID  Panzerung  Züge Treffer  Munition Name
  1+  200/ 200  5000      6   822/ 900 dickeberta.rob
  2-    0/  50   615      6  1000/1000 runner.rob
  3-    0/ 150  2454      6   852/ 900 Berger_3
  4-    0/ 100   964      1   885/ 900 demo.rob
  5-    0/ 100  1369      1   978/1000 simple.rob
  6+  200/ 200  5000      1   862/ 900 blinker.rob
AmigaRobots V1.1.32ß von Hanno Behrens © 04-Aug-93
Arena: 
Roboteranzahl: 6
Runden Stop Munition Aufladen Schnell Vorpositionen
  5000   an   1000        40     an    aus
 ID  Panzerung  Züge Treffer  Munition Name
  1+  200/ 200  5000      4P  800/ 900 dickeberta.rob
  2-    0/  50   900      6  1000/1000 runner.rob
  3-    0/ 150  4528      6   811/ 900 Berger_3
  4-    0/ 100  4238      1   847/ 900 demo.rob
  5-    0/ 100   442      1   992/1000 simple.rob
  6+  200/ 200  5000      1   826/ 900 blinker.rob
AmigaRobots V1.1.32ß von Hanno Behrens © 04-Aug-93
Arena: 
Roboteranzahl: 6
Runden Stop Munition Aufladen Schnell Vorpositionen
  5000   an   1000        40     an    aus
 ID  Panzerung  Züge Treffer  Munition Name
  1-    0/ 200  2003      3   860/ 900 dickeberta.rob
  2-    0/  50   441      6  1000/1000 runner.rob
  3+  150/ 150  5000      5   802/ 900 Berger_3
  4+   50/ 100  5000      5   849/ 900 demo.rob
  5+   22/ 100  5000      6   913/1000 simple.rob
  6+   89/ 200  5000      4   804/ 900 blinker.rob
AmigaRobots V1.1.32ß von Hanno Behrens © 04-Aug-93
Arena: 
Roboteranzahl: 6
Runden Stop Munition Aufladen Schnell Vorpositionen
  5000   an   1000        40     an    aus
 ID  Panzerung  Züge Treffer  Munition Name
  1+  133/ 200  5000      6   800/ 900 dickeberta.rob
  2-    0/  50   634      5  1000/1000 runner.rob
  3+  131/ 150  5000      6   802/ 900 Berger_3
  4-    0/ 100  3646      1   840/ 900 demo.rob
  5-    0/ 100  2915      3   948/1000 simple.rob
  6+  198/ 200  5000      1   817/ 900 blinker.rob
AmigaRobots V1.1.32ß von Hanno Behrens © 04-Aug-93
Arena: 
Roboteranzahl: 6
Runden Stop Munition Aufladen Schnell Vorpositionen
  5000   an   1000        40     an    aus
 ID  Panzerung  Züge Treffer  Munition Name
  1+  200/ 200  5000      4P  800/ 900 dickeberta.rob
  2-    0/  50   717      6  1000/1000 runner.rob
  3+  150/ 150  5000      1   804/ 900 Berger_3
  4-    0/ 100  1766      6P  876/ 900 demo.rob
  5-    0/ 100   875      1   985/1000 simple.rob
  6-    0/ 200  1653      3   873/ 900 blinker.rob
AmigaRobots V1.1.32ß von Hanno Behrens © 04-Aug-93
Arena: 
Roboteranzahl: 6
Runden Stop Munition Aufladen Schnell Vorpositionen
  5000   an   1000        40     an    aus
 ID  Panzerung  Züge Treffer  Munition Name
  1+  200/ 200  5000      6   807/ 900 dickeberta.rob
  2-    0/  50   270      5  1000/1000 runner.rob
  3-    0/ 150   631      1   887/ 900 Berger_3
  4-    0/ 100  1627      5P  873/ 900 demo.rob
  5-    0/ 100  1604      1   976/1000 simple.rob
  6+  185/ 200  5000      1   866/ 900 blinker.rob
AmigaRobots V1.1.32ß von Hanno Behrens © 04-Aug-93
Arena: 
Roboteranzahl: 6
Runden Stop Munition Aufladen Schnell Vorpositionen
  5000   an   1000        40     an    aus
 ID  Panzerung  Züge Treffer  Munition Name
  1-    0/ 200  2235      3   855/ 900 dickeberta.rob
  2-    0/  50   531      1  1000/1000 runner.rob
  3+  107/ 150  5000      6   802/ 900 Berger_3
  4-    0/ 100  3568      6   839/ 900 demo.rob
  5-    0/ 100  2487      6   953/1000 simple.rob
  6+  200/ 200  5000      5   821/ 900 blinker.rob
AmigaRobots V1.1.32ß von Hanno Behrens © 04-Aug-93
Arena: 
Roboteranzahl: 6
Runden Stop Munition Aufladen Schnell Vorpositionen
  5000   an   1000        40     an    aus
 ID  Panzerung  Züge Treffer  Munition Name
  1+  200/ 200  5000      6   803/ 900 dickeberta.rob
  2-    0/  50   432      6  1000/1000 runner.rob
  3+   78/ 150  5000      6   802/ 900 Berger_3
  4-    0/ 100  3160      6   859/ 900 demo.rob
  5-    0/ 100  1594      1   975/1000 simple.rob
  6+  160/ 200  5000      1   829/ 900 blinker.rob
AmigaRobots V1.1.32ß von Hanno Behrens © 04-Aug-93
Arena: 
Roboteranzahl: 6
Runden Stop Munition Aufladen Schnell Vorpositionen
  5000   an   1000        40     an    aus
 ID  Panzerung  Züge Treffer  Munition Name
  1+  200/ 200  5000      4P  800/ 900 dickeberta.rob
  2-    0/  50  1008      4  1000/1000 runner.rob
  3-    0/ 150   450      1   891/ 900 Berger_3
  4-    0/ 100  2984      1   858/ 900 demo.rob
  5+   94/ 100  5000      6P  947/1000 simple.rob
  6-    0/ 200  1931      1   862/ 900 blinker.rob
AmigaRobots V1.1.32ß von Hanno Behrens © 04-Aug-93
Arena: 
Roboteranzahl: 6
Runden Stop Munition Aufladen Schnell Vorpositionen
  5000   an   1000        40     an    aus
 ID  Panzerung  Züge Treffer  Munition Name
  1+  200/ 200  4636      5   807/ 900 dickeberta.rob
  2-    0/  50   349      5  1000/1000 runner.rob
  3-    0/ 150  4635      1   809/ 900 Berger_3
  4-    0/ 100   778      5   892/ 900 demo.rob
  5-    0/ 100  2244      1   967/1000 simple.rob
  6-    0/ 200  1829      3   865/ 900 blinker.rob
AmigaRobots V1.1.32ß von Hanno Behrens © 04-Aug-93
Arena: 
Roboteranzahl: 6
Runden Stop Munition Aufladen Schnell Vorpositionen
  5000   an   1000        40     an    aus
 ID  Panzerung  Züge Treffer  Munition Name
  1+  200/ 200  5000      6   800/ 900 dickeberta.rob
  2-    0/  50   720      5  1000/1000 runner.rob
  3-    0/ 150  4586      6   810/ 900 Berger_3
  4-    0/ 100   614      3   892/ 900 demo.rob
  5-    0/ 100   857      1   985/1000 simple.rob
  6+  200/ 200  5000      1   851/ 900 blinker.rob
AmigaRobots V1.1.32ß von Hanno Behrens © 04-Aug-93
Arena: 
Roboteranzahl: 6
Runden Stop Munition Aufladen Schnell Vorpositionen
  5000   an   1000        40     an    aus
 ID  Panzerung  Züge Treffer  Munition Name
  1-    0/ 200  1312      3   874/ 900 dickeberta.rob
  2-    0/  50   601      5P 1000/1000 runner.rob
  3+   40/ 150  5000      4   802/ 900 Berger_3
  4+   50/ 100  5000      6   843/ 900 demo.rob
  5-    0/ 100   469      1   992/1000 simple.rob
  6+  200/ 200  5000      4   819/ 900 blinker.rob
